#
# There is insufficient memory for the Java Runtime Environment to continue.
# Native memory allocation (malloc) failed to allocate 1183440 bytes. Error detail: Chunk::new
# Possible reasons:
#   The system is out of physical RAM or swap space
#   This process is running with CompressedOops enabled, and the Java Heap may be blocking the growth of the native heap
# Possible solutions:
#   Reduce memory load on the system
#   Increase physical memory or swap space
#   Check if swap backing store is full
#   Decrease Java heap size (-Xmx/-Xms)
#   Decrease number of Java threads
#   Decrease Java thread stack sizes (-Xss)
#   Set larger code cache with -XX:ReservedCodeCacheSize=
#   JVM is running with Unscaled Compressed Oops mode in which the Java heap is
#     placed in the first 4GB address space. The Java Heap base address is the
#     maximum limit for the native heap growth. Please use -XX:HeapBaseMinAddress
#     to set the Java Heap base and to place the Java Heap above 4GB virtual address.
# This output file may be truncated or incomplete.
#
#  Out of Memory Error (arena.cpp:168), pid=8080, tid=25524
#
# JRE version: OpenJDK Runtime Environment Temurin-21.0.10+7 (21.0.10+7) (build 21.0.10+7-LTS)
# Java VM: OpenJDK 64-Bit Server VM Temurin-21.0.10+7 (21.0.10+7-LTS, mixed mode, sharing, tiered, compressed oops, compressed class ptrs, parallel gc, windows-amd64)
# No core dump will be written. Minidumps are not enabled by default on client versions of Windows
#

---------------  S U M M A R Y ------------

Command Line: --add-modules=ALL-SYSTEM --add-opens=java.base/java.util=ALL-UNNAMED --add-opens=java.base/java.lang=ALL-UNNAMED --add-opens=java.base/sun.nio.fs=ALL-UNNAMED -Declipse.application=org.eclipse.jdt.ls.core.id1 -Dosgi.bundles.defaultStartLevel=4 -Declipse.product=org.eclipse.jdt.ls.core.product -Djava.import.generatesMetadataFilesAtProjectRoot=false -DDetectVMInstallationsJob.disabled=true -Dfile.encoding=utf8 -XX:+UseParallelGC -XX:GCTimeRatio=4 -XX:AdaptiveSizePolicyWeight=90 -Dsun.zip.disableMemoryMapping=true -Xmx2G -Xms100m -Xlog:disable -javaagent:c:\Users\Admin\.cursor\extensions\redhat.java-1.54.0-win32-x64\lombok\lombok-1.18.39-4050.jar -XX:+HeapDumpOnOutOfMemoryError -XX:HeapDumpPath=c:\Users\Admin\AppData\Roaming\Cursor\User\workspaceStorage\94a63d8c77d9089f8846e173e159e885\redhat.java -Daether.dependencyCollector.impl=bf c:\Users\Admin\.cursor\extensions\redhat.java-1.54.0-win32-x64\server\plugins\org.eclipse.equinox.launcher_1.7.100.v20251111-0406.jar -configuration c:\Users\Admin\AppData\Roaming\Cursor\User\globalStorage\redhat.java\1.54.0\config_win -data c:\Users\Admin\AppData\Roaming\Cursor\User\workspaceStorage\94a63d8c77d9089f8846e173e159e885\redhat.java\jdt_ws --pipe=\\.\pipe\lsp-e9318e92ba00bd28243be0cc4157e310-sock

Host: 12th Gen Intel(R) Core(TM) i7-12650H, 16 cores, 15G,  Windows 11 , 64 bit Build 26100 (10.0.26100.8246)
Time: Wed Apr 29 13:45:06 2026 SE Asia Standard Time elapsed time: 23.291133 seconds (0d 0h 0m 23s)

---------------  T H R E A D  ---------------

Current thread (0x000002d6e1c28cf0):  JavaThread "C2 CompilerThread2" daemon [_thread_in_native, id=25524, stack(0x000000fcb0600000,0x000000fcb0700000) (1024K)]


Current CompileTask:
C2:23291 11732       4       org.eclipse.jdt.internal.core.JarPackageFragmentRoot::initRawPackageInfo (292 bytes)

Stack: [0x000000fcb0600000,0x000000fcb0700000]
Native frames: (J=compiled Java code, j=interpreted, Vv=VM code, C=native code)
V  [jvm.dll+0x6d7a39]
V  [jvm.dll+0x8b4b26]
V  [jvm.dll+0x8b70de]
V  [jvm.dll+0x8b77c3]
V  [jvm.dll+0x284346]
V  [jvm.dll+0xc66ed]
V  [jvm.dll+0xc6c31]
V  [jvm.dll+0x3bec3b]
V  [jvm.dll+0x38b162]
V  [jvm.dll+0x38a5aa]
V  [jvm.dll+0x24c560]
V  [jvm.dll+0x24bb40]
V  [jvm.dll+0x1cb34e]
V  [jvm.dll+0x25b85d]
V  [jvm.dll+0x259dea]
V  [jvm.dll+0x3f857e]
V  [jvm.dll+0x85f59d]
V  [jvm.dll+0x6d626d]
C  [ucrtbase.dll+0x37b0]
C  [KERNEL32.DLL+0x2e8d7]
C  [ntdll.dll+0x8c3fc]


---------------  P R O C E S S  ---------------

Threads class SMR info:
_java_thread_list=0x000002d6e5cad380, length=96, elements={
0x000002d6ffaab1b0, 0x000002d6da288400, 0x000002d697b4ceb0, 0x000002d6da28db50,
0x000002d6da28e810, 0x000002d6da291810, 0x000002d6da298180, 0x000002d6da29a650,
0x000002d6da2a1270, 0x000002d6da500100, 0x000002d6da5014b0, 0x000002d6e0a6d740,
0x000002d6e0a6fea0, 0x000002d6e0a6ddd0, 0x000002d6e0a6f180, 0x000002d6e0a718e0,
0x000002d6e14a29e0, 0x000002d6e14a4ab0, 0x000002d6e14a64f0, 0x000002d6e14a3700,
0x000002d6e14a57d0, 0x000002d6e14a3d90, 0x000002d6e14a3070, 0x000002d6e14a7210,
0x000002d6e14a78a0, 0x000002d6e14a6b80, 0x000002d6e14a92e0, 0x000002d6e14a7f30,
0x000002d6e14a5e60, 0x000002d6e14a85c0, 0x000002d6e14a9970, 0x000002d6e14a8c50,
0x000002d6e14aa000, 0x000002d6e0a70530, 0x000002d6e0a70bc0, 0x000002d6e0a6e460,
0x000002d6e0a6eaf0, 0x000002d6e0a71f70, 0x000002d6e0a72600, 0x000002d6e0a72c90,
0x000002d6e0a6f810, 0x000002d6e0a73320, 0x000002d6e0a74040, 0x000002d6e0a74d60,
0x000002d6e0a746d0, 0x000002d6da500790, 0x000002d6da500e20, 0x000002d6e3655250,
0x000002d6e3652af0, 0x000002d6e3653ea0, 0x000002d6e3654bc0, 0x000002d6e3654530,
0x000002d6e36558e0, 0x000002d6e3652460, 0x000002d6e36593f0, 0x000002d6e3655f70,
0x000002d6e3658040, 0x000002d6e36586d0, 0x000002d6e3656c90, 0x000002d6e3659a80,
0x000002d6e36579b0, 0x000002d6e3656600, 0x000002d6e3657320, 0x000002d6e35770c0,
0x000002d6e35742d0, 0x000002d6e3575680, 0x000002d6e3576a30, 0x000002d6e3573c40,
0x000002d6e3578b00, 0x000002d6e3577de0, 0x000002d6e3579190, 0x000002d6e3577750,
0x000002d6e3575d10, 0x000002d6e3579820, 0x000002d6e357abd0, 0x000002d6e3579eb0,
0x000002d6e357b260, 0x000002d6e357a540, 0x000002d6e3658d60, 0x000002d6e68c7c80,
0x000002d6e68c6f60, 0x000002d6e68c8310, 0x000002d6e68c68d0, 0x000002d6e68c89a0,
0x000002d6e68c5520, 0x000002d6e68c9030, 0x000002d6e68c75f0, 0x000002d6e68c5bb0,
0x000002d6e5031b60, 0x000002d6e1c28cf0, 0x000002d6e1c27f50, 0x000002d6e1c29a90,
0x000002d6e1c26410, 0x000002d6e1c26ae0, 0x000002d6e68cb100, 0x000002d6e68cbe20
}

Java Threads: ( => current thread )
  0x000002d6ffaab1b0 JavaThread "main"                              [_thread_blocked, id=20540, stack(0x000000fcaed00000,0x000000fcaee00000) (1024K)]
  0x000002d6da288400 JavaThread "Reference Handler"          daemon [_thread_blocked, id=23776, stack(0x000000fcaf100000,0x000000fcaf200000) (1024K)]
  0x000002d697b4ceb0 JavaThread "Finalizer"                  daemon [_thread_blocked, id=11060, stack(0x000000fcaf200000,0x000000fcaf300000) (1024K)]
  0x000002d6da28db50 JavaThread "Signal Dispatcher"          daemon [_thread_blocked, id=5452, stack(0x000000fcaf300000,0x000000fcaf400000) (1024K)]
  0x000002d6da28e810 JavaThread "Attach Listener"            daemon [_thread_blocked, id=4188, stack(0x000000fcaf400000,0x000000fcaf500000) (1024K)]
  0x000002d6da291810 JavaThread "Service Thread"             daemon [_thread_blocked, id=11048, stack(0x000000fcaf500000,0x000000fcaf600000) (1024K)]
  0x000002d6da298180 JavaThread "Monitor Deflation Thread"   daemon [_thread_blocked, id=21140, stack(0x000000fcaf600000,0x000000fcaf700000) (1024K)]
  0x000002d6da29a650 JavaThread "C2 CompilerThread0"         daemon [_thread_in_native, id=24940, stack(0x000000fcaf700000,0x000000fcaf800000) (1024K)]
  0x000002d6da2a1270 JavaThread "C1 CompilerThread0"         daemon [_thread_in_vm, id=8528, stack(0x000000fcaf800000,0x000000fcaf900000) (1024K)]
  0x000002d6da500100 JavaThread "Common-Cleaner"             daemon [_thread_blocked, id=11824, stack(0x000000fcafb00000,0x000000fcafc00000) (1024K)]
  0x000002d6da5014b0 JavaThread "Notification Thread"        daemon [_thread_blocked, id=15748, stack(0x000000fcafe00000,0x000000fcaff00000) (1024K)]
  0x000002d6e0a6d740 JavaThread "Active Thread: Equinox Container: 43a45700-45c8-4ae0-86b7-5f44983f852f"        [_thread_blocked, id=24596, stack(0x000000fcb0c00000,0x000000fcb0d00000) (1024K)]
  0x000002d6e0a6fea0 JavaThread "Framework Event Dispatcher: Equinox Container: 43a45700-45c8-4ae0-86b7-5f44983f852f" daemon [_thread_blocked, id=25988, stack(0x000000fcb0e00000,0x000000fcb0f00000) (1024K)]
  0x000002d6e0a6ddd0 JavaThread "Start Level: Equinox Container: 43a45700-45c8-4ae0-86b7-5f44983f852f" daemon [_thread_blocked, id=12860, stack(0x000000fcb0f00000,0x000000fcb1000000) (1024K)]
  0x000002d6e0a6f180 JavaThread "Bundle File Closer"         daemon [_thread_blocked, id=9628, stack(0x000000fcb1000000,0x000000fcb1100000) (1024K)]
  0x000002d6e0a718e0 JavaThread "Refresh Thread: Equinox Container: 43a45700-45c8-4ae0-86b7-5f44983f852f" daemon [_thread_blocked, id=27172, stack(0x000000fcb1100000,0x000000fcb1200000) (1024K)]
  0x000002d6e14a29e0 JavaThread "SCR Component Actor"        daemon [_thread_blocked, id=21228, stack(0x000000fcaff00000,0x000000fcb0000000) (1024K)]
  0x000002d6e14a4ab0 JavaThread "Worker-JM"                         [_thread_blocked, id=21336, stack(0x000000fcb1200000,0x000000fcb1300000) (1024K)]
  0x000002d6e14a64f0 JavaThread "Worker-0: Initialize workspace"        [_thread_blocked, id=22828, stack(0x000000fcb1300000,0x000000fcb1400000) (1024K)]
  0x000002d6e14a3700 JavaThread "Worker-1"                          [_thread_blocked, id=3316, stack(0x000000fcb1400000,0x000000fcb1500000) (1024K)]
  0x000002d6e14a57d0 JavaThread "Java indexing"              daemon [_thread_blocked, id=27284, stack(0x000000fcb1700000,0x000000fcb1800000) (1024K)]
  0x000002d6e14a3d90 JavaThread "JNA Cleaner"                daemon [_thread_blocked, id=20664, stack(0x000000fcb1800000,0x000000fcb1900000) (1024K)]
  0x000002d6e14a3070 JavaThread "Worker-2"                          [_thread_blocked, id=4168, stack(0x000000fcb1a00000,0x000000fcb1b00000) (1024K)]
  0x000002d6e14a7210 JavaThread "Worker-3"                          [_thread_blocked, id=21572, stack(0x000000fcb1b00000,0x000000fcb1c00000) (1024K)]
  0x000002d6e14a78a0 JavaThread "Thread-1"                   daemon [_thread_in_native, id=23376, stack(0x000000fcb1c00000,0x000000fcb1d00000) (1024K)]
  0x000002d6e14a6b80 JavaThread "Thread-2"                   daemon [_thread_in_native, id=24140, stack(0x000000fcb1d00000,0x000000fcb1e00000) (1024K)]
  0x000002d6e14a92e0 JavaThread "Thread-3"                   daemon [_thread_in_native, id=14316, stack(0x000000fcb1e00000,0x000000fcb1f00000) (1024K)]
  0x000002d6e14a7f30 JavaThread "Thread-4"                   daemon [_thread_in_native, id=3420, stack(0x000000fcb2000000,0x000000fcb2100000) (1024K)]
  0x000002d6e14a5e60 JavaThread "Thread-5"                   daemon [_thread_in_native, id=1516, stack(0x000000fcb2100000,0x000000fcb2200000) (1024K)]
  0x000002d6e14a85c0 JavaThread "Thread-6"                   daemon [_thread_in_native, id=13116, stack(0x000000fcb2200000,0x000000fcb2300000) (1024K)]
  0x000002d6e14a9970 JavaThread "Thread-7"                   daemon [_thread_in_native, id=20648, stack(0x000000fcb2300000,0x000000fcb2400000) (1024K)]
  0x000002d6e14a8c50 JavaThread "Thread-8"                   daemon [_thread_in_native, id=11860, stack(0x000000fcb2400000,0x000000fcb2500000) (1024K)]
  0x000002d6e14aa000 JavaThread "Thread-9"                   daemon [_thread_in_native, id=4832, stack(0x000000fcb2500000,0x000000fcb2600000) (1024K)]
  0x000002d6e0a70530 JavaThread "Thread-10"                  daemon [_thread_in_native, id=15364, stack(0x000000fcb2600000,0x000000fcb2700000) (1024K)]
  0x000002d6e0a70bc0 JavaThread "Thread-11"                  daemon [_thread_in_native, id=23708, stack(0x000000fcb2700000,0x000000fcb2800000) (1024K)]
  0x000002d6e0a6e460 JavaThread "Thread-12"                  daemon [_thread_in_native, id=10872, stack(0x000000fcb2800000,0x000000fcb2900000) (1024K)]
  0x000002d6e0a6eaf0 JavaThread "Thread-13"                  daemon [_thread_in_native, id=15112, stack(0x000000fcb2900000,0x000000fcb2a00000) (1024K)]
  0x000002d6e0a71f70 JavaThread "Thread-14"                  daemon [_thread_in_native, id=10076, stack(0x000000fcb2a00000,0x000000fcb2b00000) (1024K)]
  0x000002d6e0a72600 JavaThread "Thread-15"                  daemon [_thread_in_native, id=25808, stack(0x000000fcb2b00000,0x000000fcb2c00000) (1024K)]
  0x000002d6e0a72c90 JavaThread "Thread-16"                  daemon [_thread_in_native, id=20036, stack(0x000000fcb2c00000,0x000000fcb2d00000) (1024K)]
  0x000002d6e0a6f810 JavaThread "Thread-17"                  daemon [_thread_in_native, id=21972, stack(0x000000fcb2d00000,0x000000fcb2e00000) (1024K)]
  0x000002d6e0a73320 JavaThread "pool-2-thread-1"                   [_thread_blocked, id=26888, stack(0x000000fcb2e00000,0x000000fcb2f00000) (1024K)]
  0x000002d6e0a74040 JavaThread "Worker-4"                          [_thread_blocked, id=24452, stack(0x000000fcb3200000,0x000000fcb3300000) (1024K)]
  0x000002d6e0a74d60 JavaThread "WorkspaceEventsHandler"            [_thread_blocked, id=14500, stack(0x000000fcb3300000,0x000000fcb3400000) (1024K)]
  0x000002d6e0a746d0 JavaThread "pool-1-thread-1"                   [_thread_in_vm, id=22176, stack(0x000000fcb3400000,0x000000fcb3500000) (1024K)]
  0x000002d6da500790 JavaThread "Worker-5"                          [_thread_blocked, id=21752, stack(0x000000fcb3600000,0x000000fcb3700000) (1024K)]
  0x000002d6da500e20 JavaThread "Keep-Alive-Timer"           daemon [_thread_blocked, id=25848, stack(0x000000fcb3700000,0x000000fcb3800000) (1024K)]
  0x000002d6e3655250 JavaThread "Equinox resolver thread - Equinox Container: 43a45700-45c8-4ae0-86b7-5f44983f852f" daemon [_thread_blocked, id=17700, stack(0x000000fcb3000000,0x000000fcb3100000) (1024K)]
  0x000002d6e3652af0 JavaThread "Equinox resolver thread - Equinox Container: 43a45700-45c8-4ae0-86b7-5f44983f852f" daemon [_thread_blocked, id=21028, stack(0x000000fcb3500000,0x000000fcb3600000) (1024K)]
  0x000002d6e3653ea0 JavaThread "Equinox resolver thread - Equinox Container: 43a45700-45c8-4ae0-86b7-5f44983f852f" daemon [_thread_blocked, id=15868, stack(0x000000fcb3800000,0x000000fcb3900000) (1024K)]
  0x000002d6e3654bc0 JavaThread "Equinox resolver thread - Equinox Container: 43a45700-45c8-4ae0-86b7-5f44983f852f" daemon [_thread_blocked, id=9104, stack(0x000000fcb3900000,0x000000fcb3a00000) (1024K)]
  0x000002d6e3654530 JavaThread "Equinox resolver thread - Equinox Container: 43a45700-45c8-4ae0-86b7-5f44983f852f" daemon [_thread_blocked, id=21428, stack(0x000000fcb3a00000,0x000000fcb3b00000) (1024K)]
  0x000002d6e36558e0 JavaThread "Equinox resolver thread - Equinox Container: 43a45700-45c8-4ae0-86b7-5f44983f852f" daemon [_thread_blocked, id=21528, stack(0x000000fcb3b00000,0x000000fcb3c00000) (1024K)]
  0x000002d6e3652460 JavaThread "Equinox resolver thread - Equinox Container: 43a45700-45c8-4ae0-86b7-5f44983f852f" daemon [_thread_blocked, id=18284, stack(0x000000fcb3c00000,0x000000fcb3d00000) (1024K)]
  0x000002d6e36593f0 JavaThread "Equinox resolver thread - Equinox Container: 43a45700-45c8-4ae0-86b7-5f44983f852f" daemon [_thread_blocked, id=1468, stack(0x000000fcb3d00000,0x000000fcb3e00000) (1024K)]
  0x000002d6e3655f70 JavaThread "Equinox resolver thread - Equinox Container: 43a45700-45c8-4ae0-86b7-5f44983f852f" daemon [_thread_blocked, id=7788, stack(0x000000fcb3e00000,0x000000fcb3f00000) (1024K)]
  0x000002d6e3658040 JavaThread "Equinox resolver thread - Equinox Container: 43a45700-45c8-4ae0-86b7-5f44983f852f" daemon [_thread_blocked, id=15872, stack(0x000000fcb3f00000,0x000000fcb4000000) (1024K)]
  0x000002d6e36586d0 JavaThread "Equinox resolver thread - Equinox Container: 43a45700-45c8-4ae0-86b7-5f44983f852f" daemon [_thread_blocked, id=3816, stack(0x000000fcb4000000,0x000000fcb4100000) (1024K)]
  0x000002d6e3656c90 JavaThread "Equinox resolver thread - Equinox Container: 43a45700-45c8-4ae0-86b7-5f44983f852f" daemon [_thread_blocked, id=9300, stack(0x000000fcb4100000,0x000000fcb4200000) (1024K)]
  0x000002d6e3659a80 JavaThread "Equinox resolver thread - Equinox Container: 43a45700-45c8-4ae0-86b7-5f44983f852f" daemon [_thread_blocked, id=6376, stack(0x000000fcb4200000,0x000000fcb4300000) (1024K)]
  0x000002d6e36579b0 JavaThread "Equinox resolver thread - Equinox Container: 43a45700-45c8-4ae0-86b7-5f44983f852f" daemon [_thread_blocked, id=20096, stack(0x000000fcb4300000,0x000000fcb4400000) (1024K)]
  0x000002d6e3656600 JavaThread "Equinox resolver thread - Equinox Container: 43a45700-45c8-4ae0-86b7-5f44983f852f" daemon [_thread_blocked, id=14968, stack(0x000000fcb4400000,0x000000fcb4500000) (1024K)]
  0x000002d6e3657320 JavaThread "Equinox resolver thread - Equinox Container: 43a45700-45c8-4ae0-86b7-5f44983f852f" daemon [_thread_blocked, id=9136, stack(0x000000fcb4500000,0x000000fcb4600000) (1024K)]
  0x000002d6e35770c0 JavaThread "LocalFile Deleter"          daemon [_thread_blocked, id=4152, stack(0x000000fcb4700000,0x000000fcb4800000) (1024K)]
  0x000002d6e35742d0 JavaThread "LocalFile Deleter"          daemon [_thread_blocked, id=13644, stack(0x000000fcb4800000,0x000000fcb4900000) (1024K)]
  0x000002d6e3575680 JavaThread "LocalFile Deleter"          daemon [_thread_blocked, id=17160, stack(0x000000fcb4900000,0x000000fcb4a00000) (1024K)]
  0x000002d6e3576a30 JavaThread "LocalFile Deleter"          daemon [_thread_blocked, id=24820, stack(0x000000fcb4a00000,0x000000fcb4b00000) (1024K)]
  0x000002d6e3573c40 JavaThread "LocalFile Deleter"          daemon [_thread_blocked, id=21292, stack(0x000000fcb4b00000,0x000000fcb4c00000) (1024K)]
  0x000002d6e3578b00 JavaThread "LocalFile Deleter"          daemon [_thread_blocked, id=23696, stack(0x000000fcb4c00000,0x000000fcb4d00000) (1024K)]
  0x000002d6e3577de0 JavaThread "LocalFile Deleter"          daemon [_thread_blocked, id=7288, stack(0x000000fcb4d00000,0x000000fcb4e00000) (1024K)]
  0x000002d6e3579190 JavaThread "LocalFile Deleter"          daemon [_thread_blocked, id=17460, stack(0x000000fcb4e00000,0x000000fcb4f00000) (1024K)]
  0x000002d6e3577750 JavaThread "Compiler Source File Reader" daemon [_thread_blocked, id=2804, stack(0x000000fcb4f00000,0x000000fcb5000000) (1024K)]
  0x000002d6e3575d10 JavaThread "Compiler Source File Reader" daemon [_thread_blocked, id=22336, stack(0x000000fcb5000000,0x000000fcb5100000) (1024K)]
  0x000002d6e3579820 JavaThread "Compiler Source File Reader" daemon [_thread_blocked, id=24096, stack(0x000000fcb5100000,0x000000fcb5200000) (1024K)]
  0x000002d6e357abd0 JavaThread "Compiler Source File Reader" daemon [_thread_blocked, id=11852, stack(0x000000fcb5200000,0x000000fcb5300000) (1024K)]
  0x000002d6e3579eb0 JavaThread "Compiler Source File Reader" daemon [_thread_blocked, id=21284, stack(0x000000fcb5300000,0x000000fcb5400000) (1024K)]
  0x000002d6e357b260 JavaThread "Compiler Source File Reader" daemon [_thread_blocked, id=11660, stack(0x000000fcb5400000,0x000000fcb5500000) (1024K)]
  0x000002d6e357a540 JavaThread "Compiler Source File Reader" daemon [_thread_blocked, id=26464, stack(0x000000fcb5500000,0x000000fcb5600000) (1024K)]
  0x000002d6e3658d60 JavaThread "Compiler Source File Reader" daemon [_thread_blocked, id=21620, stack(0x000000fcb5600000,0x000000fcb5700000) (1024K)]
  0x000002d6e68c7c80 JavaThread "Compiler Processing Task"   daemon [_thread_blocked, id=19820, stack(0x000000fcb5700000,0x000000fcb5800000) (1024K)]
  0x000002d6e68c6f60 JavaThread "Compiler Class File Writer" daemon [_thread_blocked, id=21044, stack(0x000000fcb5800000,0x000000fcb5900000) (1024K)]
  0x000002d6e68c8310 JavaThread "Compiler Class File Writer" daemon [_thread_blocked, id=18572, stack(0x000000fcb5900000,0x000000fcb5a00000) (1024K)]
  0x000002d6e68c68d0 JavaThread "Compiler Class File Writer" daemon [_thread_blocked, id=24176, stack(0x000000fcb5a00000,0x000000fcb5b00000) (1024K)]
  0x000002d6e68c89a0 JavaThread "Compiler Class File Writer" daemon [_thread_blocked, id=18100, stack(0x000000fcb5b00000,0x000000fcb5c00000) (1024K)]
  0x000002d6e68c5520 JavaThread "Compiler Class File Writer" daemon [_thread_blocked, id=25396, stack(0x000000fcb5c00000,0x000000fcb5d00000) (1024K)]
  0x000002d6e68c9030 JavaThread "Compiler Class File Writer" daemon [_thread_blocked, id=15456, stack(0x000000fcb5d00000,0x000000fcb5e00000) (1024K)]
  0x000002d6e68c75f0 JavaThread "Compiler Class File Writer" daemon [_thread_blocked, id=14160, stack(0x000000fcb5e00000,0x000000fcb5f00000) (1024K)]
  0x000002d6e68c5bb0 JavaThread "Compiler Class File Writer" daemon [_thread_blocked, id=2612, stack(0x000000fcb5f00000,0x000000fcb6000000) (1024K)]
  0x000002d6e5031b60 JavaThread "C2 CompilerThread1"         daemon [_thread_in_native, id=25356, stack(0x000000fcafd00000,0x000000fcafe00000) (1024K)]
=>0x000002d6e1c28cf0 JavaThread "C2 CompilerThread2"         daemon [_thread_in_native, id=25524, stack(0x000000fcb0600000,0x000000fcb0700000) (1024K)]
  0x000002d6e1c27f50 JavaThread "C2 CompilerThread3"         daemon [_thread_in_native, id=6020, stack(0x000000fcb0700000,0x000000fcb0800000) (1024K)]
  0x000002d6e1c29a90 JavaThread "C2 CompilerThread4"         daemon [_thread_in_native, id=9920, stack(0x000000fcb0800000,0x000000fcb0900000) (1024K)]
  0x000002d6e1c26410 JavaThread "C2 CompilerThread5"         daemon [_thread_in_native, id=4352, stack(0x000000fcb0900000,0x000000fcb0a00000) (1024K)]
  0x000002d6e1c26ae0 JavaThread "C1 CompilerThread1"         daemon [_thread_in_vm, id=26176, stack(0x000000fcb1500000,0x000000fcb1600000) (1024K)]
  0x000002d6e68cb100 JavaThread "ForkJoinPool.commonPool-worker-1" daemon [_thread_in_native, id=18724, stack(0x000000fcb1600000,0x000000fcb1700000) (1024K)]
  0x000002d6e68cbe20 JavaThread "ForkJoinPool.commonPool-worker-2" daemon [_thread_blocked, id=15860, stack(0x000000fcb2f00000,0x000000fcb3000000) (1024K)]
Total: 96

Other Threads:
  0x000002d6ffb6ec00 VMThread "VM Thread"                           [id=17104, stack(0x000000fcaf000000,0x000000fcaf100000) (1024K)]
  0x000002d697a2ca00 WatcherThread "VM Periodic Task Thread"        [id=16240, stack(0x000000fcaef00000,0x000000fcaf000000) (1024K)]
  0x000002d6ffac9690 WorkerThread "GC Thread#0"                     [id=15564, stack(0x000000fcaee00000,0x000000fcaef00000) (1024K)]
  0x000002d6e04e0050 WorkerThread "GC Thread#1"                     [id=24292, stack(0x000000fcb0000000,0x000000fcb0100000) (1024K)]
  0x000002d6e004f0d0 WorkerThread "GC Thread#2"                     [id=15572, stack(0x000000fcb0100000,0x000000fcb0200000) (1024K)]
  0x000002d6e04e4d10 WorkerThread "GC Thread#3"                     [id=25520, stack(0x000000fcb0200000,0x000000fcb0300000) (1024K)]
  0x000002d6e04e54d0 WorkerThread "GC Thread#4"                     [id=5376, stack(0x000000fcb0300000,0x000000fcb0400000) (1024K)]
  0x000002d6e057b050 WorkerThread "GC Thread#5"                     [id=23944, stack(0x000000fcb0400000,0x000000fcb0500000) (1024K)]
  0x000002d6e057b400 WorkerThread "GC Thread#6"                     [id=10032, stack(0x000000fcb0500000,0x000000fcb0600000) (1024K)]
  0x000002d6e048e2d0 WorkerThread "GC Thread#7"                     [id=21968, stack(0x000000fcb0d00000,0x000000fcb0e00000) (1024K)]
  0x000002d6e126b320 WorkerThread "GC Thread#8"                     [id=21992, stack(0x000000fcb1f00000,0x000000fcb2000000) (1024K)]
  0x000002d6e16c7880 WorkerThread "GC Thread#9"                     [id=11420, stack(0x000000fcaf900000,0x000000fcafa00000) (1024K)]
  0x000002d6da368ad0 WorkerThread "GC Thread#10"                    [id=8600, stack(0x000000fcafc00000,0x000000fcafd00000) (1024K)]
  0x000002d6da443e00 WorkerThread "GC Thread#11"                    [id=1788, stack(0x000000fcb0a00000,0x000000fcb0b00000) (1024K)]
  0x000002d6da4432f0 WorkerThread "GC Thread#12"                    [id=22592, stack(0x000000fcb0b00000,0x000000fcb0c00000) (1024K)]
Total: 15

Threads with active compile tasks:
C2 CompilerThread0  23313 11819       4       org.eclipse.jdt.internal.compiler.parser.Parser::consumeRule (7843 bytes)
C1 CompilerThread0  23313 11881       3       com.google.gson.internal.bind.JsonElementTypeAdapter::readTerminal (123 bytes)
C2 CompilerThread1  23313 11794       4       org.eclipse.jdt.internal.compiler.lookup.LookupEnvironment::getTypeFromCompoundName (160 bytes)
C2 CompilerThread2  23314 11732       4       org.eclipse.jdt.internal.core.JarPackageFragmentRoot::initRawPackageInfo (292 bytes)
C2 CompilerThread3  23314 11547   !   4       org.eclipse.jdt.internal.core.search.indexing.BinaryIndexer::indexDocument (1172 bytes)
C2 CompilerThread4  23314 11866       4       org.eclipse.jdt.internal.compiler.lookup.BinaryTypeBinding::createMethod (1666 bytes)
C2 CompilerThread5  23314 11779   !   4       org.eclipse.jdt.internal.compiler.classfmt.ClassFileReader::<init> (1968 bytes)
Total: 7

VM state: not at safepoint (normal execution)

VM Mutex/Monitor currently owned by a thread: None

Heap address: 0x0000000080000000, size: 2048 MB, Compressed Oops mode: 32-bit

CDS archive(s) mapped at: [0x000002d698000000-0x000002d698ba0000-0x000002d698ba0000), size 12189696, SharedBaseAddress: 0x000002d698000000, ArchiveRelocationMode: 1.
Compressed class space mapped at: 0x000002d699000000-0x000002d6d9000000, reserved size: 1073741824
Narrow klass base: 0x000002d698000000, Narrow klass shift: 0, Narrow klass range: 0x100000000

GC Precious Log:
 CardTable entry size: 512
 CPUs: 16 total, 16 available
 Memory: 16085M
 Large Page Support: Disabled
 NUMA Support: Disabled
 Compressed Oops: Enabled (32-bit)
 Alignments: Space 512K, Generation 512K, Heap 2M
 Heap Min Capacity: 100M
 Heap Initial Capacity: 100M
 Heap Max Capacity: 2G
 Pre-touch: Disabled
 Parallel Workers: 13

Heap:
 PSYoungGen      total 5120K, used 3489K [0x00000000d5580000, 0x00000000d5c00000, 0x0000000100000000)
  eden space 4096K, 67% used [0x00000000d5580000,0x00000000d58305d8,0x00000000d5980000)
  from space 1024K, 71% used [0x00000000d5b00000,0x00000000d5bb8000,0x00000000d5c00000)
  to   space 1024K, 0% used [0x00000000d5980000,0x00000000d5980000,0x00000000d5a80000)
 ParOldGen       total 427520K, used 427389K [0x0000000080000000, 0x000000009a180000, 0x00000000d5580000)
  object space 427520K, 99% used [0x0000000080000000,0x000000009a15f660,0x000000009a180000)
 Metaspace       used 68422K, committed 69888K, reserved 1114112K
  class space    used 7426K, committed 8000K, reserved 1048576K

Card table byte_map: [0x000002d6ff450000,0x000002d6ff860000] _byte_map_base: 0x000002d6ff050000

Marking Bits: (ParMarkBitMap*) 0x00007ffd0e403450
 Begin Bits: [0x000002d693550000, 0x000002d695550000)
 End Bits:   [0x000002d695550000, 0x000002d697550000)

Polling page: 0x000002d6fecc0000

Metaspace:

Usage:
  Non-class:     59.57 MB used.
      Class:      7.25 MB used.
       Both:     66.82 MB used.

Virtual space:
  Non-class space:       64.00 MB reserved,      60.44 MB ( 94%) committed,  1 nodes.
      Class space:        1.00 GB reserved,       7.81 MB ( <1%) committed,  1 nodes.
             Both:        1.06 GB reserved,      68.25 MB (  6%) committed. 

Chunk freelists:
   Non-Class:  2.98 MB
       Class:  8.22 MB
        Both:  11.20 MB

MaxMetaspaceSize: unlimited
CompressedClassSpaceSize: 1.00 GB
Initial GC threshold: 21.00 MB
Current GC threshold: 98.12 MB
CDS: on
 - commit_granule_bytes: 65536.
 - commit_granule_words: 8192.
 - virtual_space_node_default_size: 8388608.
 - enlarge_chunks_in_place: 1.
 - use_allocation_guard: 0.


Internal statistics:

num_allocs_failed_limit: 13.
num_arena_births: 1158.
num_arena_deaths: 22.
num_vsnodes_births: 2.
num_vsnodes_deaths: 0.
num_space_committed: 1092.
num_space_uncommitted: 0.
num_chunks_returned_to_freelist: 39.
num_chunks_taken_from_freelist: 4084.
num_chunk_merges: 22.
num_chunk_splits: 2559.
num_chunks_enlarged: 1522.
num_inconsistent_stats: 0.

CodeHeap 'non-profiled nmethods': size=119168Kb used=9332Kb max_used=9332Kb free=109835Kb
 bounds [0x000002d68c0f0000, 0x000002d68ca10000, 0x000002d693550000]
CodeHeap 'profiled nmethods': size=119104Kb used=23980Kb max_used=23980Kb free=95123Kb
 bounds [0x000002d684550000, 0x000002d685cc0000, 0x000002d68b9a0000]
CodeHeap 'non-nmethods': size=7488Kb used=2031Kb max_used=3290Kb free=5456Kb
 bounds [0x000002d68b9a0000, 0x000002d68bcf0000, 0x000002d68c0f0000]
CodeCache: size=245760Kb, used=35343Kb, max_used=36602Kb, free=210414Kb
 total_blobs=11729, nmethods=10945, adapters=688, full_count=0
Compilation: enabled, stopped_count=0, restarted_count=0

Compilation events (20 events):
Event: 22.261 Thread 0x000002d6e1c26ae0 11870       3       org.eclipse.jdt.internal.core.builder.ClasspathLocation::hasModule (11 bytes)
Event: 22.261 Thread 0x000002d6da2a1270 11873       3       org.eclipse.jdt.internal.core.search.matching.JavaSearchNameEnvironment::findType (38 bytes)
Event: 22.261 Thread 0x000002d6e1c26ae0 nmethod 11870 0x000002d685cb5f10 code [0x000002d685cb60c0, 0x000002d685cb62e8]
Event: 22.261 Thread 0x000002d6e1c26ae0 11859       1       org.eclipse.jdt.internal.compiler.lookup.TypeBinding::isParameterizedType (2 bytes)
Event: 22.262 Thread 0x000002d6e1c26ae0 nmethod 11859 0x000002d68ca00b90 code [0x000002d68ca00d20, 0x000002d68ca00de8]
Event: 22.262 Thread 0x000002d6e1c26ae0 11874       3       org.eclipse.jdt.internal.compiler.lookup.SourceTypeBinding::superclass (25 bytes)
Event: 22.262 Thread 0x000002d6da2a1270 nmethod 11873 0x000002d685cb6390 code [0x000002d685cb65c0, 0x000002d685cb6b40]
Event: 22.262 Thread 0x000002d6da2a1270 11875       1       org.eclipse.jdt.internal.compiler.lookup.TypeBinding::isPolyType (2 bytes)
Event: 22.262 Thread 0x000002d6e1c26ae0 nmethod 11874 0x000002d685cb6e10 code [0x000002d685cb6fe0, 0x000002d685cb75a8]
Event: 22.263 Thread 0x000002d6da2a1270 nmethod 11875 0x000002d68ca00e90 code [0x000002d68ca01020, 0x000002d68ca010e8]
Event: 22.263 Thread 0x000002d6e1c26ae0 11876       3       org.eclipse.jdt.internal.compiler.problem.ProblemReporter::close (6 bytes)
Event: 22.263 Thread 0x000002d6e1c26ae0 nmethod 11876 0x000002d685cb7710 code [0x000002d685cb78a0, 0x000002d685cb79c8]
Event: 22.265 Thread 0x000002d6e1c29a90 nmethod 11772 0x000002d68ca01190 code [0x000002d68ca015e0, 0x000002d68ca037b8]
Event: 22.270 Thread 0x000002d6e1c29a90 11866       4       org.eclipse.jdt.internal.compiler.lookup.BinaryTypeBinding::createMethod (1666 bytes)
Event: 22.274 Thread 0x000002d6da29a650 nmethod 11861 0x000002d68ca05290 code [0x000002d68ca05480, 0x000002d68ca05fd0]
Event: 22.274 Thread 0x000002d6da29a650 11871       4       org.eclipse.jdt.internal.compiler.lookup.BinaryTypeBinding::isPrototype (12 bytes)
Event: 22.274 Thread 0x000002d6da29a650 nmethod 11871 0x000002d68ca06610 code [0x000002d68ca067a0, 0x000002d68ca06850]
Event: 22.274 Thread 0x000002d6da29a650 11776   !   4       org.eclipse.jdt.internal.compiler.lookup.TypeSystem::getUnannotatedType (267 bytes)
Event: 22.279 Thread 0x000002d6e1c26ae0 11877  s    1       org.eclipse.jdt.internal.core.search.processing.JobManager::getProcessingThread (5 bytes)
Event: 22.279 Thread 0x000002d6da2a1270 11878       1       org.eclipse.core.internal.jobs.InternalJob::getProgressMonitor (5 bytes)

GC Heap History (20 events):
Event: 22.109 GC heap before
{Heap before GC invocations=608 (full 3):
 PSYoungGen      total 5120K, used 4946K [0x00000000d5580000, 0x00000000d5c80000, 0x0000000100000000)
  eden space 4096K, 100% used [0x00000000d5580000,0x00000000d5980000,0x00000000d5980000)
  from space 1024K, 83% used [0x00000000d5b80000,0x00000000d5c54b70,0x00000000d5c80000)
  to   space 1536K, 0% used [0x00000000d5980000,0x00000000d5980000,0x00000000d5b00000)
 ParOldGen       total 423424K, used 423109K [0x0000000080000000, 0x0000000099d80000, 0x00000000d5580000)
  object space 423424K, 99% used [0x0000000080000000,0x0000000099d31798,0x0000000099d80000)
 Metaspace       used 68213K, committed 69632K, reserved 1114112K
  class space    used 7403K, committed 8000K, reserved 1048576K
}
Event: 22.110 GC heap after
{Heap after GC invocations=608 (full 3):
 PSYoungGen      total 5632K, used 352K [0x00000000d5580000, 0x00000000d5c00000, 0x0000000100000000)
  eden space 4096K, 0% used [0x00000000d5580000,0x00000000d5580000,0x00000000d5980000)
  from space 1536K, 22% used [0x00000000d5980000,0x00000000d59d8000,0x00000000d5b00000)
  to   space 1024K, 0% used [0x00000000d5b00000,0x00000000d5b00000,0x00000000d5c00000)
 ParOldGen       total 423936K, used 423730K [0x0000000080000000, 0x0000000099e00000, 0x00000000d5580000)
  object space 423936K, 99% used [0x0000000080000000,0x0000000099dccb40,0x0000000099e00000)
 Metaspace       used 68213K, committed 69632K, reserved 1114112K
  class space    used 7403K, committed 8000K, reserved 1048576K
}
Event: 22.127 GC heap before
{Heap before GC invocations=609 (full 3):
 PSYoungGen      total 5632K, used 4448K [0x00000000d5580000, 0x00000000d5c00000, 0x0000000100000000)
  eden space 4096K, 100% used [0x00000000d5580000,0x00000000d5980000,0x00000000d5980000)
  from space 1536K, 22% used [0x00000000d5980000,0x00000000d59d8000,0x00000000d5b00000)
  to   space 1024K, 0% used [0x00000000d5b00000,0x00000000d5b00000,0x00000000d5c00000)
 ParOldGen       total 423936K, used 423730K [0x0000000080000000, 0x0000000099e00000, 0x00000000d5580000)
  object space 423936K, 99% used [0x0000000080000000,0x0000000099dccb40,0x0000000099e00000)
 Metaspace       used 68213K, committed 69632K, reserved 1114112K
  class space    used 7403K, committed 8000K, reserved 1048576K
}
Event: 22.128 GC heap after
{Heap after GC invocations=609 (full 3):
 PSYoungGen      total 5120K, used 1017K [0x00000000d5580000, 0x00000000d5c80000, 0x0000000100000000)
  eden space 4096K, 0% used [0x00000000d5580000,0x00000000d5580000,0x00000000d5980000)
  from space 1024K, 99% used [0x00000000d5b00000,0x00000000d5bfe7b8,0x00000000d5c00000)
  to   space 1536K, 0% used [0x00000000d5980000,0x00000000d5980000,0x00000000d5b00000)
 ParOldGen       total 423936K, used 423842K [0x0000000080000000, 0x0000000099e00000, 0x00000000d5580000)
  object space 423936K, 99% used [0x0000000080000000,0x0000000099de8b40,0x0000000099e00000)
 Metaspace       used 68213K, committed 69632K, reserved 1114112K
  class space    used 7403K, committed 8000K, reserved 1048576K
}
Event: 22.139 GC heap before
{Heap before GC invocations=610 (full 3):
 PSYoungGen      total 5120K, used 5113K [0x00000000d5580000, 0x00000000d5c80000, 0x0000000100000000)
  eden space 4096K, 100% used [0x00000000d5580000,0x00000000d5980000,0x00000000d5980000)
  from space 1024K, 99% used [0x00000000d5b00000,0x00000000d5bfe7b8,0x00000000d5c00000)
  to   space 1536K, 0% used [0x00000000d5980000,0x00000000d5980000,0x00000000d5b00000)
 ParOldGen       total 423936K, used 423842K [0x0000000080000000, 0x0000000099e00000, 0x00000000d5580000)
  object space 423936K, 99% used [0x0000000080000000,0x0000000099de8b40,0x0000000099e00000)
 Metaspace       used 68213K, committed 69632K, reserved 1114112K
  class space    used 7403K, committed 8000K, reserved 1048576K
}
Event: 22.140 GC heap after
{Heap after GC invocations=610 (full 3):
 PSYoungGen      total 4608K, used 256K [0x00000000d5580000, 0x00000000d5b80000, 0x0000000100000000)
  eden space 4096K, 0% used [0x00000000d5580000,0x00000000d5580000,0x00000000d5980000)
  from space 512K, 50% used [0x00000000d5980000,0x00000000d59c0000,0x00000000d5a00000)
  to   space 1024K, 0% used [0x00000000d5a80000,0x00000000d5a80000,0x00000000d5b80000)
 ParOldGen       total 424960K, used 424779K [0x0000000080000000, 0x0000000099f00000, 0x00000000d5580000)
  object space 424960K, 99% used [0x0000000080000000,0x0000000099ed2d28,0x0000000099f00000)
 Metaspace       used 68213K, committed 69632K, reserved 1114112K
  class space    used 7403K, committed 8000K, reserved 1048576K
}
Event: 22.150 GC heap before
{Heap before GC invocations=611 (full 3):
 PSYoungGen      total 4608K, used 4352K [0x00000000d5580000, 0x00000000d5b80000, 0x0000000100000000)
  eden space 4096K, 100% used [0x00000000d5580000,0x00000000d5980000,0x00000000d5980000)
  from space 512K, 50% used [0x00000000d5980000,0x00000000d59c0000,0x00000000d5a00000)
  to   space 1024K, 0% used [0x00000000d5a80000,0x00000000d5a80000,0x00000000d5b80000)
 ParOldGen       total 424960K, used 424779K [0x0000000080000000, 0x0000000099f00000, 0x00000000d5580000)
  object space 424960K, 99% used [0x0000000080000000,0x0000000099ed2d28,0x0000000099f00000)
 Metaspace       used 68213K, committed 69632K, reserved 1114112K
  class space    used 7403K, committed 8000K, reserved 1048576K
}
Event: 22.151 GC heap after
{Heap after GC invocations=611 (full 3):
 PSYoungGen      total 4608K, used 256K [0x00000000d5580000, 0x00000000d5b00000, 0x0000000100000000)
  eden space 4096K, 0% used [0x00000000d5580000,0x00000000d5580000,0x00000000d5980000)
  from space 512K, 50% used [0x00000000d5a80000,0x00000000d5ac0000,0x00000000d5b00000)
  to   space 512K, 0% used [0x00000000d5980000,0x00000000d5980000,0x00000000d5a00000)
 ParOldGen       total 424960K, used 424891K [0x0000000080000000, 0x0000000099f00000, 0x00000000d5580000)
  object space 424960K, 99% used [0x0000000080000000,0x0000000099eeed28,0x0000000099f00000)
 Metaspace       used 68213K, committed 69632K, reserved 1114112K
  class space    used 7403K, committed 8000K, reserved 1048576K
}
Event: 22.156 GC heap before
{Heap before GC invocations=612 (full 3):
 PSYoungGen      total 4608K, used 4352K [0x00000000d5580000, 0x00000000d5b00000, 0x0000000100000000)
  eden space 4096K, 100% used [0x00000000d5580000,0x00000000d5980000,0x00000000d5980000)
  from space 512K, 50% used [0x00000000d5a80000,0x00000000d5ac0000,0x00000000d5b00000)
  to   space 512K, 0% used [0x00000000d5980000,0x00000000d5980000,0x00000000d5a00000)
 ParOldGen       total 424960K, used 424891K [0x0000000080000000, 0x0000000099f00000, 0x00000000d5580000)
  object space 424960K, 99% used [0x0000000080000000,0x0000000099eeed28,0x0000000099f00000)
 Metaspace       used 68213K, committed 69632K, reserved 1114112K
  class space    used 7403K, committed 8000K, reserved 1048576K
}
Event: 22.157 GC heap after
{Heap after GC invocations=612 (full 3):
 PSYoungGen      total 4608K, used 288K [0x00000000d5580000, 0x00000000d5b00000, 0x0000000100000000)
  eden space 4096K, 0% used [0x00000000d5580000,0x00000000d5580000,0x00000000d5980000)
  from space 512K, 56% used [0x00000000d5980000,0x00000000d59c8000,0x00000000d5a00000)
  to   space 512K, 0% used [0x00000000d5a80000,0x00000000d5a80000,0x00000000d5b00000)
 ParOldGen       total 425472K, used 425019K [0x0000000080000000, 0x0000000099f80000, 0x00000000d5580000)
  object space 425472K, 99% used [0x0000000080000000,0x0000000099f0ed28,0x0000000099f80000)
 Metaspace       used 68213K, committed 69632K, reserved 1114112K
  class space    used 7403K, committed 8000K, reserved 1048576K
}
Event: 22.168 GC heap before
{Heap before GC invocations=613 (full 3):
 PSYoungGen      total 4608K, used 4384K [0x00000000d5580000, 0x00000000d5b00000, 0x0000000100000000)
  eden space 4096K, 100% used [0x00000000d5580000,0x00000000d5980000,0x00000000d5980000)
  from space 512K, 56% used [0x00000000d5980000,0x00000000d59c8000,0x00000000d5a00000)
  to   space 512K, 0% used [0x00000000d5a80000,0x00000000d5a80000,0x00000000d5b00000)
 ParOldGen       total 425472K, used 425019K [0x0000000080000000, 0x0000000099f80000, 0x00000000d5580000)
  object space 425472K, 99% used [0x0000000080000000,0x0000000099f0ed28,0x0000000099f80000)
 Metaspace       used 68214K, committed 69632K, reserved 1114112K
  class space    used 7403K, committed 8000K, reserved 1048576K
}
Event: 22.169 GC heap after
{Heap after GC invocations=613 (full 3):
 PSYoungGen      total 4608K, used 480K [0x00000000d5580000, 0x00000000d5b80000, 0x0000000100000000)
  eden space 4096K, 0% used [0x00000000d5580000,0x00000000d5580000,0x00000000d5980000)
  from space 512K, 93% used [0x00000000d5a80000,0x00000000d5af8020,0x00000000d5b00000)
  to   space 1024K, 0% used [0x00000000d5980000,0x00000000d5980000,0x00000000d5a80000)
 ParOldGen       total 425472K, used 425139K [0x0000000080000000, 0x0000000099f80000, 0x00000000d5580000)
  object space 425472K, 99% used [0x0000000080000000,0x0000000099f2cd28,0x0000000099f80000)
 Metaspace       used 68214K, committed 69632K, reserved 1114112K
  class space    used 7403K, committed 8000K, reserved 1048576K
}
Event: 22.178 GC heap before
{Heap before GC invocations=614 (full 3):
 PSYoungGen      total 4608K, used 4576K [0x00000000d5580000, 0x00000000d5b80000, 0x0000000100000000)
  eden space 4096K, 100% used [0x00000000d5580000,0x00000000d5980000,0x00000000d5980000)
  from space 512K, 93% used [0x00000000d5a80000,0x00000000d5af8020,0x00000000d5b00000)
  to   space 1024K, 0% used [0x00000000d5980000,0x00000000d5980000,0x00000000d5a80000)
 ParOldGen       total 425472K, used 425139K [0x0000000080000000, 0x0000000099f80000, 0x00000000d5580000)
  object space 425472K, 99% used [0x0000000080000000,0x0000000099f2cd28,0x0000000099f80000)
 Metaspace       used 68221K, committed 69696K, reserved 1114112K
  class space    used 7403K, committed 8000K, reserved 1048576K
}
Event: 22.179 GC heap after
{Heap after GC invocations=614 (full 3):
 PSYoungGen      total 5120K, used 511K [0x00000000d5580000, 0x00000000d5b80000, 0x0000000100000000)
  eden space 4096K, 0% used [0x00000000d5580000,0x00000000d5580000,0x00000000d5980000)
  from space 1024K, 49% used [0x00000000d5980000,0x00000000d59ffd40,0x00000000d5a80000)
  to   space 1024K, 0% used [0x00000000d5a80000,0x00000000d5a80000,0x00000000d5b80000)
 ParOldGen       total 425984K, used 425555K [0x0000000080000000, 0x000000009a000000, 0x00000000d5580000)
  object space 425984K, 99% used [0x0000000080000000,0x0000000099f94e20,0x000000009a000000)
 Metaspace       used 68221K, committed 69696K, reserved 1114112K
  class space    used 7403K, committed 8000K, reserved 1048576K
}
Event: 22.203 GC heap before
{Heap before GC invocations=615 (full 3):
 PSYoungGen      total 5120K, used 4607K [0x00000000d5580000, 0x00000000d5b80000, 0x0000000100000000)
  eden space 4096K, 100% used [0x00000000d5580000,0x00000000d5980000,0x00000000d5980000)
  from space 1024K, 49% used [0x00000000d5980000,0x00000000d59ffd40,0x00000000d5a80000)
  to   space 1024K, 0% used [0x00000000d5a80000,0x00000000d5a80000,0x00000000d5b80000)
 ParOldGen       total 425984K, used 425555K [0x0000000080000000, 0x000000009a000000, 0x00000000d5580000)
  object space 425984K, 99% used [0x0000000080000000,0x0000000099f94e20,0x000000009a000000)
 Metaspace       used 68317K, committed 69760K, reserved 1114112K
  class space    used 7416K, committed 8000K, reserved 1048576K
}
Event: 22.204 GC heap after
{Heap after GC invocations=615 (full 3):
 PSYoungGen      total 5120K, used 864K [0x00000000d5580000, 0x00000000d5b80000, 0x0000000100000000)
  eden space 4096K, 0% used [0x00000000d5580000,0x00000000d5580000,0x00000000d5980000)
  from space 1024K, 84% used [0x00000000d5a80000,0x00000000d5b58000,0x00000000d5b80000)
  to   space 1024K, 0% used [0x00000000d5980000,0x00000000d5980000,0x00000000d5a80000)
 ParOldGen       total 425984K, used 425833K [0x0000000080000000, 0x000000009a000000, 0x00000000d5580000)
  object space 425984K, 99% used [0x0000000080000000,0x0000000099fda548,0x000000009a000000)
 Metaspace       used 68317K, committed 69760K, reserved 1114112K
  class space    used 7416K, committed 8000K, reserved 1048576K
}
Event: 22.233 GC heap before
{Heap before GC invocations=616 (full 3):
 PSYoungGen      total 5120K, used 4960K [0x00000000d5580000, 0x00000000d5b80000, 0x0000000100000000)
  eden space 4096K, 100% used [0x00000000d5580000,0x00000000d5980000,0x00000000d5980000)
  from space 1024K, 84% used [0x00000000d5a80000,0x00000000d5b58000,0x00000000d5b80000)
  to   space 1024K, 0% used [0x00000000d5980000,0x00000000d5980000,0x00000000d5a80000)
 ParOldGen       total 425984K, used 425833K [0x0000000080000000, 0x000000009a000000, 0x00000000d5580000)
  object space 425984K, 99% used [0x0000000080000000,0x0000000099fda548,0x000000009a000000)
 Metaspace       used 68361K, committed 69824K, reserved 1114112K
  class space    used 7420K, committed 8000K, reserved 1048576K
}
Event: 22.234 GC heap after
{Heap after GC invocations=616 (full 3):
 PSYoungGen      total 5120K, used 1024K [0x00000000d5580000, 0x00000000d5c80000, 0x0000000100000000)
  eden space 4096K, 0% used [0x00000000d5580000,0x00000000d5580000,0x00000000d5980000)
  from space 1024K, 100% used [0x00000000d5980000,0x00000000d5a80000,0x00000000d5a80000)
  to   space 1536K, 0% used [0x00000000d5b00000,0x00000000d5b00000,0x00000000d5c80000)
 ParOldGen       total 426496K, used 426457K [0x0000000080000000, 0x000000009a080000, 0x00000000d5580000)
  object space 426496K, 99% used [0x0000000080000000,0x000000009a076548,0x000000009a080000)
 Metaspace       used 68361K, committed 69824K, reserved 1114112K
  class space    used 7420K, committed 8000K, reserved 1048576K
}
Event: 22.248 GC heap before
{Heap before GC invocations=617 (full 3):
 PSYoungGen      total 5120K, used 5120K [0x00000000d5580000, 0x00000000d5c80000, 0x0000000100000000)
  eden space 4096K, 100% used [0x00000000d5580000,0x00000000d5980000,0x00000000d5980000)
  from space 1024K, 100% used [0x00000000d5980000,0x00000000d5a80000,0x00000000d5a80000)
  to   space 1536K, 0% used [0x00000000d5b00000,0x00000000d5b00000,0x00000000d5c80000)
 ParOldGen       total 426496K, used 426457K [0x0000000080000000, 0x000000009a080000, 0x00000000d5580000)
  object space 426496K, 99% used [0x0000000080000000,0x000000009a076548,0x000000009a080000)
 Metaspace       used 68378K, committed 69824K, reserved 1114112K
  class space    used 7420K, committed 8000K, reserved 1048576K
}
Event: 22.249 GC heap after
{Heap after GC invocations=617 (full 3):
 PSYoungGen      total 5120K, used 736K [0x00000000d5580000, 0x00000000d5c00000, 0x0000000100000000)
  eden space 4096K, 0% used [0x00000000d5580000,0x00000000d5580000,0x00000000d5980000)
  from space 1024K, 71% used [0x00000000d5b00000,0x00000000d5bb8000,0x00000000d5c00000)
  to   space 1024K, 0% used [0x00000000d5980000,0x00000000d5980000,0x00000000d5a80000)
 ParOldGen       total 427520K, used 427389K [0x0000000080000000, 0x000000009a180000, 0x00000000d5580000)
  object space 427520K, 99% used [0x0000000080000000,0x000000009a15f660,0x000000009a180000)
 Metaspace       used 68378K, committed 69824K, reserved 1114112K
  class space    used 7420K, committed 8000K, reserved 1048576K
}

Dll operation events (14 events):
Event: 0.015 Loaded shared library c:\Users\Admin\.cursor\extensions\redhat.java-1.54.0-win32-x64\jre\21.0.10-win32-x86_64\bin\java.dll
Event: 0.084 Loaded shared library c:\Users\Admin\.cursor\extensions\redhat.java-1.54.0-win32-x64\jre\21.0.10-win32-x86_64\bin\zip.dll
Event: 0.101 Loaded shared library C:\Users\Admin\.cursor\extensions\redhat.java-1.54.0-win32-x64\jre\21.0.10-win32-x86_64\bin\instrument.dll
Event: 0.106 Loaded shared library C:\Users\Admin\.cursor\extensions\redhat.java-1.54.0-win32-x64\jre\21.0.10-win32-x86_64\bin\net.dll
Event: 0.109 Loaded shared library C:\Users\Admin\.cursor\extensions\redhat.java-1.54.0-win32-x64\jre\21.0.10-win32-x86_64\bin\nio.dll
Event: 0.112 Loaded shared library C:\Users\Admin\.cursor\extensions\redhat.java-1.54.0-win32-x64\jre\21.0.10-win32-x86_64\bin\zip.dll
Event: 0.128 Loaded shared library C:\Users\Admin\.cursor\extensions\redhat.java-1.54.0-win32-x64\jre\21.0.10-win32-x86_64\bin\jimage.dll
Event: 0.196 Loaded shared library c:\Users\Admin\.cursor\extensions\redhat.java-1.54.0-win32-x64\jre\21.0.10-win32-x86_64\bin\verify.dll
Event: 1.427 Loaded shared library C:\Users\Admin\AppData\Roaming\Cursor\User\globalStorage\redhat.java\1.54.0\config_win\org.eclipse.equinox.launcher\org.eclipse.equinox.launcher.win32.win32.x86_64_1.3.0.v20260203-2149\eclipse_11919.dll
Event: 11.735 Loaded shared library C:\Users\Admin\.cursor\extensions\redhat.java-1.54.0-win32-x64\jre\21.0.10-win32-x86_64\bin\management.dll
Event: 11.736 Loaded shared library C:\Users\Admin\.cursor\extensions\redhat.java-1.54.0-win32-x64\jre\21.0.10-win32-x86_64\bin\management_ext.dll
Event: 12.711 Loaded shared library C:\Users\Admin\AppData\Local\Temp\jna-63116079\jna387417778271525112.dll
Event: 12.960 Loaded shared library C:\Users\Admin\.cursor\extensions\redhat.java-1.54.0-win32-x64\jre\21.0.10-win32-x86_64\bin\sunmscapi.dll
Event: 13.079 Loaded shared library C:\Users\Admin\.cursor\extensions\redhat.java-1.54.0-win32-x64\jre\21.0.10-win32-x86_64\bin\extnet.dll

Deoptimization events (20 events):
Event: 22.247 Thread 0x000002d6e14a57d0 DEOPT UNPACKING pc=0x000002d68b9f4242 sp=0x000000fcb17fd208 mode 0
Event: 22.253 Thread 0x000002d6e14a57d0 Uncommon trap: trap_request=0xffffff76 fr.pc=0x000002d68c8a6b3c relative=0x00000000000037dc
Event: 22.253 Thread 0x000002d6e14a57d0 Uncommon trap: reason=predicate action=maybe_recompile pc=0x000002d68c8a6b3c method=org.eclipse.jdt.internal.compiler.lookup.BinaryTypeBinding.createMethod(Lorg/eclipse/jdt/internal/compiler/env/IBinaryMethod;Lorg/eclipse/jdt/internal/compiler/env/IBinary
Event: 22.253 Thread 0x000002d6e14a57d0 DEOPT PACKING pc=0x000002d68c8a6b3c sp=0x000000fcb17fd750
Event: 22.253 Thread 0x000002d6e14a57d0 DEOPT UNPACKING pc=0x000002d68b9f3aa2 sp=0x000000fcb17fd6b0 mode 2
Event: 22.256 Thread 0x000002d6e14a57d0 DEOPT PACKING pc=0x000002d685bdcda2 sp=0x000000fcb17fd850
Event: 22.256 Thread 0x000002d6e14a57d0 DEOPT UNPACKING pc=0x000002d68b9f4242 sp=0x000000fcb17fcdc8 mode 0
Event: 22.262 Thread 0x000002d6e14a57d0 Uncommon trap: trap_request=0xffffff45 fr.pc=0x000002d68c9a546c relative=0x00000000000016ec
Event: 22.262 Thread 0x000002d6e14a57d0 Uncommon trap: reason=unstable_if action=reinterpret pc=0x000002d68c9a546c method=org.eclipse.jdt.internal.core.search.matching.TypeDeclarationPattern.createIndexKey(I[C[C[[CZ)[C @ 85 c2
Event: 22.262 Thread 0x000002d6e14a57d0 DEOPT PACKING pc=0x000002d68c9a546c sp=0x000000fcb17fee70
Event: 22.262 Thread 0x000002d6e14a57d0 DEOPT UNPACKING pc=0x000002d68b9f3aa2 sp=0x000000fcb17fedd8 mode 2
Event: 22.262 Thread 0x000002d6e14a57d0 Uncommon trap: trap_request=0xffffff45 fr.pc=0x000002d68c75b040 relative=0x0000000000000880
Event: 22.262 Thread 0x000002d6e14a57d0 Uncommon trap: reason=unstable_if action=reinterpret pc=0x000002d68c75b040 method=java.util.Arrays.hashCode([C)I @ 8 c2
Event: 22.263 Thread 0x000002d6e14a57d0 DEOPT PACKING pc=0x000002d68c75b040 sp=0x000000fcb17fed80
Event: 22.263 Thread 0x000002d6e14a57d0 DEOPT UNPACKING pc=0x000002d68b9f3aa2 sp=0x000000fcb17febd8 mode 2
Event: 22.264 Thread 0x000002d6e14a57d0 Uncommon trap: trap_request=0xffffff45 fr.pc=0x000002d68c973b90 relative=0x0000000000000eb0
Event: 22.264 Thread 0x000002d6e14a57d0 Uncommon trap: reason=unstable_if action=reinterpret pc=0x000002d68c973b90 method=org.eclipse.jdt.internal.core.index.DiskIndex.writeDocumentNumbers([ILjava/io/OutputStream;)V @ 20 c2
Event: 22.264 Thread 0x000002d6e14a57d0 DEOPT PACKING pc=0x000002d68c973b90 sp=0x000000fcb17fec90
Event: 22.264 Thread 0x000002d6e14a57d0 DEOPT UNPACKING pc=0x000002d68b9f3aa2 sp=0x000000fcb17fec68 mode 2
Event: 22.279 Thread 0x000002d6e14a57d0 Uncommon trap: trap_request=0xffffff45 fr.pc=0x000002d68c9b65f4 relative=0x0000000000000434

Classes loaded (20 events):
Event: 17.931 Loading class java/util/stream/ReduceOps$4ReducingSink
Event: 17.931 Loading class java/util/stream/ReduceOps$4ReducingSink done
Event: 18.053 Loading class java/util/concurrent/ArrayBlockingQueue
Event: 18.054 Loading class java/util/concurrent/ArrayBlockingQueue done
Event: 18.081 Loading class java/util/concurrent/ConcurrentHashMap$KeySpliterator
Event: 18.082 Loading class java/util/concurrent/ConcurrentHashMap$KeySpliterator done
Event: 18.558 Loading class java/util/stream/ReferencePipeline$4
Event: 18.558 Loading class java/util/stream/ReferencePipeline$4 done
Event: 18.559 Loading class java/util/stream/Nodes$IntFixedNodeBuilder
Event: 18.559 Loading class java/util/stream/Node$Builder$OfInt
Event: 18.559 Loading class java/util/stream/Node$Builder$OfInt done
Event: 18.559 Loading class java/util/stream/Nodes$IntArrayNode
Event: 18.559 Loading class java/util/stream/Nodes$IntArrayNode done
Event: 18.560 Loading class java/util/stream/Nodes$IntFixedNodeBuilder done
Event: 18.560 Loading class java/util/stream/ReferencePipeline$4$1
Event: 18.560 Loading class java/util/stream/ReferencePipeline$4$1 done
Event: 18.582 Loading class java/nio/file/Files$2
Event: 18.582 Loading class java/nio/file/Files$2 done
Event: 18.849 Loading class java/nio/file/attribute/PosixFileAttributes
Event: 18.849 Loading class java/nio/file/attribute/PosixFileAttributes done

Classes unloaded (11 events):
Event: 12.091 Thread 0x000002d6ffb6ec00 Unloading class 0x000002d6991b3800 'java/lang/invoke/LambdaForm$MH+0x000002d6991b3800'
Event: 12.091 Thread 0x000002d6ffb6ec00 Unloading class 0x000002d6991b3400 'java/lang/invoke/LambdaForm$MH+0x000002d6991b3400'
Event: 12.091 Thread 0x000002d6ffb6ec00 Unloading class 0x000002d6991b3000 'java/lang/invoke/LambdaForm$MH+0x000002d6991b3000'
Event: 12.091 Thread 0x000002d6ffb6ec00 Unloading class 0x000002d6991b2c00 'java/lang/invoke/LambdaForm$MH+0x000002d6991b2c00'
Event: 12.091 Thread 0x000002d6ffb6ec00 Unloading class 0x000002d6991b2800 'java/lang/invoke/LambdaForm$BMH+0x000002d6991b2800'
Event: 12.091 Thread 0x000002d6ffb6ec00 Unloading class 0x000002d6991b2400 'java/lang/invoke/LambdaForm$DMH+0x000002d6991b2400'
Event: 12.091 Thread 0x000002d6ffb6ec00 Unloading class 0x000002d6991b1000 'java/lang/invoke/LambdaForm$DMH+0x000002d6991b1000'
Event: 16.948 Thread 0x000002d6ffb6ec00 Unloading class 0x000002d69964d400 'java/lang/invoke/LambdaForm$DMH+0x000002d69964d400'
Event: 16.948 Thread 0x000002d6ffb6ec00 Unloading class 0x000002d69964d000 'java/lang/invoke/LambdaForm$DMH+0x000002d69964d000'
Event: 16.948 Thread 0x000002d6ffb6ec00 Unloading class 0x000002d69964cc00 'java/lang/invoke/LambdaForm$DMH+0x000002d69964cc00'
Event: 16.948 Thread 0x000002d6ffb6ec00 Unloading class 0x000002d69964c800 'java/lang/invoke/LambdaForm$DMH+0x000002d69964c800'

Classes redefined (0 events):
No events

Internal exceptions (20 events):
Event: 17.748 Thread 0x000002d6e14a7210 Exception <a 'sun/nio/fs/WindowsException'{0x00000000d5df7e20}> (0x00000000d5df7e20) 
thrown [s\src\hotspot\share\prims\jni.cpp, line 520]
Event: 17.753 Thread 0x000002d6e35770c0 Exception <a 'sun/nio/fs/WindowsException'{0x00000000d5675e98}> (0x00000000d5675e98) 
thrown [s\src\hotspot\share\prims\jni.cpp, line 520]
Event: 17.754 Thread 0x000002d6e35770c0 Exception <a 'sun/nio/fs/WindowsException'{0x00000000d5677aa0}> (0x00000000d5677aa0) 
thrown [s\src\hotspot\share\prims\jni.cpp, line 520]
Event: 17.755 Thread 0x000002d6e35742d0 Exception <a 'sun/nio/fs/WindowsException'{0x00000000d56cb0a0}> (0x00000000d56cb0a0) 
thrown [s\src\hotspot\share\prims\jni.cpp, line 520]
Event: 18.086 Thread 0x000002d6e14a7210 Exception <a 'java/lang/NoSuchMethodError'{0x00000000d588c128}: 'java.lang.Object java.lang.invoke.DirectMethodHandle$Holder.newInvokeSpecial(java.lang.Object, java.lang.Object, int, int, java.lang.Object)'> (0x00000000d588c128) 
thrown [s\src\hotspot\share\interpreter\linkResolver.cpp, line 773]
Event: 18.715 Thread 0x000002d6e14a7210 Exception <a 'sun/nio/fs/WindowsException'{0x00000000d59707a8}> (0x00000000d59707a8) 
thrown [s\src\hotspot\share\prims\jni.cpp, line 520]
Event: 18.715 Thread 0x000002d6e14a7210 Exception <a 'sun/nio/fs/WindowsException'{0x00000000d59870d8}> (0x00000000d59870d8) 
thrown [s\src\hotspot\share\prims\jni.cpp, line 520]
Event: 18.721 Thread 0x000002d6e14a7210 Exception <a 'java/lang/NoSuchMethodError'{0x00000000d568b800}: 'java.lang.Object java.lang.invoke.DirectMethodHandle$Holder.newInvokeSpecial(java.lang.Object, java.lang.Object, int, java.lang.Object, java.lang.Object)'> (0x00000000d568b800) 
thrown [s\src\hotspot\share\interpreter\linkResolver.cpp, line 773]
Event: 18.724 Thread 0x000002d6e14a7210 Exception <a 'java/lang/NoSuchMethodError'{0x00000000d57b68b8}: 'java.lang.Object java.lang.invoke.DirectMethodHandle$Holder.invokeSpecial(java.lang.Object, java.lang.Object, java.lang.Object, int, java.lang.Object, java.lang.Object, java.lang.Object)'> (0x00000000d57b68b8) 
thrown [s\src\hotspot\share\interpreter\linkResolver.cpp, line 773]
Event: 18.848 Thread 0x000002d6e14a7210 Exception <a 'sun/nio/fs/WindowsException'{0x00000000d56fb208}> (0x00000000d56fb208) 
thrown [s\src\hotspot\share\prims\jni.cpp, line 520]
Event: 18.850 Thread 0x000002d6e14a7210 Exception <a 'sun/nio/fs/WindowsException'{0x00000000d57a0860}> (0x00000000d57a0860) 
thrown [s\src\hotspot\share\prims\jni.cpp, line 520]
Event: 18.851 Thread 0x000002d6e14a7210 Exception <a 'sun/nio/fs/WindowsException'{0x00000000d57e50f8}> (0x00000000d57e50f8) 
thrown [s\src\hotspot\share\prims\jni.cpp, line 520]
Event: 21.626 Thread 0x000002d6e14a57d0 Exception <a 'sun/nio/fs/WindowsException'{0x00000000d56511e8}> (0x00000000d56511e8) 
thrown [s\src\hotspot\share\prims\jni.cpp, line 520]
Event: 21.636 Thread 0x000002d6e14a57d0 Exception <a 'sun/nio/fs/WindowsException'{0x00000000d5591d10}> (0x00000000d5591d10) 
thrown [s\src\hotspot\share\prims\jni.cpp, line 520]
Event: 21.639 Thread 0x000002d6e14a57d0 Exception <a 'sun/nio/fs/WindowsException'{0x00000000d55a78f0}> (0x00000000d55a78f0) 
thrown [s\src\hotspot\share\prims\jni.cpp, line 520]
Event: 21.654 Thread 0x000002d6e14a57d0 Exception <a 'sun/nio/fs/WindowsException'{0x00000000d55bd5f8}> (0x00000000d55bd5f8) 
thrown [s\src\hotspot\share\prims\jni.cpp, line 520]
Event: 21.658 Thread 0x000002d6e14a57d0 Exception <a 'sun/nio/fs/WindowsException'{0x00000000d55d1cb8}> (0x00000000d55d1cb8) 
thrown [s\src\hotspot\share\prims\jni.cpp, line 520]
Event: 21.794 Thread 0x000002d6e14a57d0 Exception <a 'sun/nio/fs/WindowsException'{0x00000000d56383e0}> (0x00000000d56383e0) 
thrown [s\src\hotspot\share\prims\jni.cpp, line 520]
Event: 21.845 Thread 0x000002d6e14a57d0 Exception <a 'sun/nio/fs/WindowsException'{0x00000000d56191b0}> (0x00000000d56191b0) 
thrown [s\src\hotspot\share\prims\jni.cpp, line 520]
Event: 22.276 Thread 0x000002d6e14a57d0 Exception <a 'sun/nio/fs/WindowsException'{0x00000000d57882d0}> (0x00000000d57882d0) 
thrown [s\src\hotspot\share\prims\jni.cpp, line 520]

ZGC Phase Switch (0 events):
No events

VM Operations (20 events):
Event: 22.110 Executing safepoint VM operation: ParallelGCFailedAllocation (Allocation Failure) done
Event: 22.127 Executing safepoint VM operation: ParallelGCFailedAllocation (Allocation Failure)
Event: 22.128 Executing safepoint VM operation: ParallelGCFailedAllocation (Allocation Failure) done
Event: 22.139 Executing safepoint VM operation: ParallelGCFailedAllocation (Allocation Failure)
Event: 22.140 Executing safepoint VM operation: ParallelGCFailedAllocation (Allocation Failure) done
Event: 22.150 Executing safepoint VM operation: ParallelGCFailedAllocation (Allocation Failure)
Event: 22.151 Executing safepoint VM operation: ParallelGCFailedAllocation (Allocation Failure) done
Event: 22.155 Executing safepoint VM operation: ParallelGCFailedAllocation (Allocation Failure)
Event: 22.157 Executing safepoint VM operation: ParallelGCFailedAllocation (Allocation Failure) done
Event: 22.168 Executing safepoint VM operation: ParallelGCFailedAllocation (Allocation Failure)
Event: 22.169 Executing safepoint VM operation: ParallelGCFailedAllocation (Allocation Failure) done
Event: 22.178 Executing safepoint VM operation: ParallelGCFailedAllocation (Allocation Failure)
Event: 22.179 Executing safepoint VM operation: ParallelGCFailedAllocation (Allocation Failure) done
Event: 22.203 Executing safepoint VM operation: ParallelGCFailedAllocation (Allocation Failure)
Event: 22.204 Executing safepoint VM operation: ParallelGCFailedAllocation (Allocation Failure) done
Event: 22.233 Executing safepoint VM operation: ParallelGCFailedAllocation (Allocation Failure)
Event: 22.234 Executing safepoint VM operation: ParallelGCFailedAllocation (Allocation Failure) done
Event: 22.248 Executing safepoint VM operation: ParallelGCFailedAllocation (Allocation Failure)
Event: 22.249 Executing safepoint VM operation: ParallelGCFailedAllocation (Allocation Failure) done
Event: 23.253 Executing safepoint VM operation: Cleanup

Memory protections (0 events):
No events

Nmethod flushes (20 events):
Event: 16.968 Thread 0x000002d6ffb6ec00 flushing  nmethod 0x000002d684f9e610
Event: 16.968 Thread 0x000002d6ffb6ec00 flushing  nmethod 0x000002d684fa4810
Event: 16.968 Thread 0x000002d6ffb6ec00 flushing  nmethod 0x000002d684fbc010
Event: 16.968 Thread 0x000002d6ffb6ec00 flushing  nmethod 0x000002d684fd7410
Event: 16.968 Thread 0x000002d6ffb6ec00 flushing  nmethod 0x000002d684fda710
Event: 16.968 Thread 0x000002d6ffb6ec00 flushing  nmethod 0x000002d684fdae10
Event: 16.968 Thread 0x000002d6ffb6ec00 flushing  nmethod 0x000002d684fdbd90
Event: 16.968 Thread 0x000002d6ffb6ec00 flushing  nmethod 0x000002d684fdc390
Event: 16.968 Thread 0x000002d6ffb6ec00 flushing  nmethod 0x000002d684fdcc10
Event: 16.968 Thread 0x000002d6ffb6ec00 flushing  nmethod 0x000002d684fdcf90
Event: 16.968 Thread 0x000002d6ffb6ec00 flushing  nmethod 0x000002d684fded90
Event: 16.968 Thread 0x000002d6ffb6ec00 flushing  nmethod 0x000002d684ffeb90
Event: 16.968 Thread 0x000002d6ffb6ec00 flushing  nmethod 0x000002d684ffff10
Event: 16.968 Thread 0x000002d6ffb6ec00 flushing  nmethod 0x000002d685064490
Event: 16.968 Thread 0x000002d6ffb6ec00 flushing  nmethod 0x000002d68506d590
Event: 16.968 Thread 0x000002d6ffb6ec00 flushing  nmethod 0x000002d68506d990
Event: 16.968 Thread 0x000002d6ffb6ec00 flushing  nmethod 0x000002d68507a010
Event: 16.968 Thread 0x000002d6ffb6ec00 flushing  nmethod 0x000002d685084990
Event: 16.968 Thread 0x000002d6ffb6ec00 flushing  nmethod 0x000002d685096890
Event: 16.968 Thread 0x000002d6ffb6ec00 flushing  nmethod 0x000002d6850a0110

Events (20 events):
Event: 19.884 Thread 0x000002d6e034d3b0 Thread exited: 0x000002d6e034d3b0
Event: 19.919 Thread 0x000002d6e1f35b50 Thread exited: 0x000002d6e1f35b50
Event: 19.919 Thread 0x000002d6e6c9cb30 Thread exited: 0x000002d6e6c9cb30
Event: 20.193 Thread 0x000002d6e030c760 Thread exited: 0x000002d6e030c760
Event: 20.316 Thread 0x000002d6e026ad90 Thread exited: 0x000002d6e026ad90
Event: 20.318 Thread 0x000002d6da2a1270 Thread added: 0x000002d6e5031b60
Event: 20.318 Thread 0x000002d6da2a1270 Thread added: 0x000002d6e1c26ae0
Event: 20.514 Thread 0x000002d6e034b8d0 Thread exited: 0x000002d6e034b8d0
Event: 20.747 Thread 0x000002d6e1616b50 Thread exited: 0x000002d6e1616b50
Event: 21.332 Thread 0x000002d6e1c26ae0 Thread exited: 0x000002d6e1c26ae0
Event: 21.341 Thread 0x000002d6e5031b60 Thread exited: 0x000002d6e5031b60
Event: 21.348 Thread 0x000002d6da29a650 Thread added: 0x000002d6e5031b60
Event: 21.628 Thread 0x000002d6e5031b60 Thread exited: 0x000002d6e5031b60
Event: 21.665 Thread 0x000002d6da2a1270 Thread added: 0x000002d6e5031b60
Event: 21.665 Thread 0x000002d6da2a1270 Thread added: 0x000002d6e1c28cf0
Event: 21.669 Thread 0x000002d6da2a1270 Thread added: 0x000002d6e1c27f50
Event: 21.669 Thread 0x000002d6da2a1270 Thread added: 0x000002d6e1c29a90
Event: 21.676 Thread 0x000002d6da2a1270 Thread added: 0x000002d6e1c26410
Event: 21.799 Thread 0x000002d6da29a650 Thread added: 0x000002d6e1c26ae0
Event: 22.186 Thread 0x000002d6e14a57d0 Thread added: 0x000002d6e68cb100


Dynamic libraries:
0x00007ff6e7430000 - 0x00007ff6e743e000 	c:\Users\Admin\.cursor\extensions\redhat.java-1.54.0-win32-x64\jre\21.0.10-win32-x86_64\bin\java.exe
0x00007ffdbb080000 - 0x00007ffdbb2e7000 	C:\WINDOWS\SYSTEM32\ntdll.dll
0x00007ffdb91c0000 - 0x00007ffdb9289000 	C:\WINDOWS\System32\KERNEL32.DLL
0x00007ffdb7950000 - 0x00007ffdb7d44000 	C:\WINDOWS\System32\KERNELBASE.dll
0x00007ffdb87e0000 - 0x00007ffdb892b000 	C:\WINDOWS\System32\ucrtbase.dll
0x00007ffd99850000 - 0x00007ffd99868000 	c:\Users\Admin\.cursor\extensions\redhat.java-1.54.0-win32-x64\jre\21.0.10-win32-x86_64\bin\jli.dll
0x00007ffd98390000 - 0x00007ffd983ae000 	c:\Users\Admin\.cursor\extensions\redhat.java-1.54.0-win32-x64\jre\21.0.10-win32-x86_64\bin\VCRUNTIME140.dll
0x00007ffdba690000 - 0x00007ffdba855000 	C:\WINDOWS\System32\USER32.dll
0x00007ffd9c620000 - 0x00007ffd9c8b3000 	C:\WINDOWS\WinSxS\amd64_microsoft.windows.common-controls_6595b64144ccf1df_6.0.26100.8115_none_3e075c82e3354f9c\COMCTL32.dll
0x00007ffdb8670000 - 0x00007ffdb8697000 	C:\WINDOWS\System32\win32u.dll
0x00007ffdb9e40000 - 0x00007ffdb9ee9000 	C:\WINDOWS\System32\msvcrt.dll
0x00007ffdb9530000 - 0x00007ffdb955b000 	C:\WINDOWS\System32\GDI32.dll
0x00007ffdb8b70000 - 0x00007ffdb8c9b000 	C:\WINDOWS\System32\gdi32full.dll
0x00007ffdb85c0000 - 0x00007ffdb8663000 	C:\WINDOWS\System32\msvcp_win.dll
0x00007ffdb9d10000 - 0x00007ffdb9d42000 	C:\WINDOWS\System32\IMM32.DLL
0x00007ffdb0210000 - 0x00007ffdb021c000 	c:\Users\Admin\.cursor\extensions\redhat.java-1.54.0-win32-x64\jre\21.0.10-win32-x86_64\bin\vcruntime140_1.dll
0x00007ffd382e0000 - 0x00007ffd3836d000 	c:\Users\Admin\.cursor\extensions\redhat.java-1.54.0-win32-x64\jre\21.0.10-win32-x86_64\bin\msvcp140.dll
0x00007ffd0d740000 - 0x00007ffd0e4e1000 	c:\Users\Admin\.cursor\extensions\redhat.java-1.54.0-win32-x64\jre\21.0.10-win32-x86_64\bin\server\jvm.dll
0x00007ffdb9440000 - 0x00007ffdb94f6000 	C:\WINDOWS\System32\ADVAPI32.dll
0x00007ffdb9c60000 - 0x00007ffdb9d07000 	C:\WINDOWS\System32\sechost.dll
0x00007ffdb9310000 - 0x00007ffdb9428000 	C:\WINDOWS\System32\RPCRT4.dll
0x00007ffdba5b0000 - 0x00007ffdba630000 	C:\WINDOWS\System32\WS2_32.dll
0x00007ffdb77b0000 - 0x00007ffdb780e000 	C:\WINDOWS\SYSTEM32\POWRPROF.dll
0x00007ffd9e480000 - 0x00007ffd9e4b6000 	C:\WINDOWS\SYSTEM32\WINMM.dll
0x00007ffdae400000 - 0x00007ffdae40b000 	C:\WINDOWS\SYSTEM32\VERSION.dll
0x00007ffdb7790000 - 0x00007ffdb77a4000 	C:\WINDOWS\SYSTEM32\UMPDC.dll
0x00007ffdb66e0000 - 0x00007ffdb66fb000 	C:\WINDOWS\SYSTEM32\kernel.appcore.dll
0x00007ffdae1c0000 - 0x00007ffdae1ca000 	c:\Users\Admin\.cursor\extensions\redhat.java-1.54.0-win32-x64\jre\21.0.10-win32-x86_64\bin\jimage.dll
0x00007ffdb51b0000 - 0x00007ffdb53f2000 	C:\WINDOWS\SYSTEM32\DBGHELP.DLL
0x00007ffdba220000 - 0x00007ffdba5a2000 	C:\WINDOWS\System32\combase.dll
0x00007ffdb9d50000 - 0x00007ffdb9e28000 	C:\WINDOWS\System32\OLEAUT32.dll
0x00007ffd851a0000 - 0x00007ffd851db000 	C:\WINDOWS\SYSTEM32\dbgcore.DLL
0x00007ffdb86a0000 - 0x00007ffdb8745000 	C:\WINDOWS\System32\bcryptPrimitives.dll
0x00007ffda5ac0000 - 0x00007ffda5acf000 	c:\Users\Admin\.cursor\extensions\redhat.java-1.54.0-win32-x64\jre\21.0.10-win32-x86_64\bin\instrument.dll
0x00007ffd93aa0000 - 0x00007ffd93ac0000 	c:\Users\Admin\.cursor\extensions\redhat.java-1.54.0-win32-x64\jre\21.0.10-win32-x86_64\bin\java.dll
0x00007ffdba8d0000 - 0x00007ffdbb037000 	C:\WINDOWS\System32\SHELL32.dll
0x00007ffdb8ca0000 - 0x00007ffdb8e0a000 	C:\WINDOWS\System32\wintypes.dll
0x00007ffdb7d50000 - 0x00007ffdb85b8000 	C:\WINDOWS\System32\windows.storage.dll
0x00007ffdb9b60000 - 0x00007ffdb9c58000 	C:\WINDOWS\System32\SHCORE.dll
0x00007ffdb9af0000 - 0x00007ffdb9b56000 	C:\WINDOWS\System32\shlwapi.dll
0x00007ffdb7870000 - 0x00007ffdb7899000 	C:\WINDOWS\SYSTEM32\profapi.dll
0x00007ffd93a80000 - 0x00007ffd93a98000 	c:\Users\Admin\.cursor\extensions\redhat.java-1.54.0-win32-x64\jre\21.0.10-win32-x86_64\bin\zip.dll
0x00007ffda5950000 - 0x00007ffda5960000 	C:\Users\Admin\.cursor\extensions\redhat.java-1.54.0-win32-x64\jre\21.0.10-win32-x86_64\bin\net.dll
0x00007ffdb1360000 - 0x00007ffdb148d000 	C:\WINDOWS\SYSTEM32\WINHTTP.dll
0x00007ffdb6c50000 - 0x00007ffdb6cbc000 	C:\WINDOWS\system32\mswsock.dll
0x00007ffd81f50000 - 0x00007ffd81f66000 	C:\Users\Admin\.cursor\extensions\redhat.java-1.54.0-win32-x64\jre\21.0.10-win32-x86_64\bin\nio.dll
0x00007ffd9b160000 - 0x00007ffd9b170000 	c:\Users\Admin\.cursor\extensions\redhat.java-1.54.0-win32-x64\jre\21.0.10-win32-x86_64\bin\verify.dll
0x00007ffd7bf60000 - 0x00007ffd7bfa5000 	C:\Users\Admin\AppData\Roaming\Cursor\User\globalStorage\redhat.java\1.54.0\config_win\org.eclipse.equinox.launcher\org.eclipse.equinox.launcher.win32.win32.x86_64_1.3.0.v20260203-2149\eclipse_11919.dll
0x00007ffdb8e10000 - 0x00007ffdb8fa7000 	C:\WINDOWS\System32\ole32.dll
0x00007ffdb2c30000 - 0x00007ffdb2c3a000 	C:\Users\Admin\.cursor\extensions\redhat.java-1.54.0-win32-x64\jre\21.0.10-win32-x86_64\bin\management.dll
0x00007ffda5a90000 - 0x00007ffda5a9c000 	C:\Users\Admin\.cursor\extensions\redhat.java-1.54.0-win32-x64\jre\21.0.10-win32-x86_64\bin\management_ext.dll
0x00007ffdb9500000 - 0x00007ffdb9508000 	C:\WINDOWS\System32\PSAPI.DLL
0x00007ffdb6f30000 - 0x00007ffdb6f4b000 	C:\WINDOWS\SYSTEM32\CRYPTSP.dll
0x00007ffdb6640000 - 0x00007ffdb6679000 	C:\WINDOWS\system32\rsaenh.dll
0x00007ffdb6d00000 - 0x00007ffdb6d33000 	C:\WINDOWS\SYSTEM32\USERENV.dll
0x00007ffdb7840000 - 0x00007ffdb786a000 	C:\WINDOWS\SYSTEM32\bcrypt.dll
0x00007ffdb6f50000 - 0x00007ffdb6f5c000 	C:\WINDOWS\SYSTEM32\CRYPTBASE.dll
0x00007ffdb60d0000 - 0x00007ffdb6102000 	C:\WINDOWS\SYSTEM32\IPHLPAPI.DLL
0x00007ffdb9430000 - 0x00007ffdb943a000 	C:\WINDOWS\System32\NSI.dll
0x00007ffd52880000 - 0x00007ffd528c9000 	C:\Users\Admin\AppData\Local\Temp\jna-63116079\jna387417778271525112.dll
0x00007ffdb1580000 - 0x00007ffdb159d000 	C:\WINDOWS\SYSTEM32\dhcpcsvc6.DLL
0x00007ffdb14e0000 - 0x00007ffdb1505000 	C:\WINDOWS\SYSTEM32\dhcpcsvc.DLL
0x00007ffda5a80000 - 0x00007ffda5a8e000 	C:\Users\Admin\.cursor\extensions\redhat.java-1.54.0-win32-x64\jre\21.0.10-win32-x86_64\bin\sunmscapi.dll
0x00007ffdb8930000 - 0x00007ffdb8aa7000 	C:\WINDOWS\System32\CRYPT32.dll
0x00007ffdb7150000 - 0x00007ffdb7180000 	C:\WINDOWS\SYSTEM32\ncrypt.dll
0x00007ffdb7100000 - 0x00007ffdb713f000 	C:\WINDOWS\SYSTEM32\NTASN1.dll
0x00007ffdb6170000 - 0x00007ffdb62a2000 	C:\WINDOWS\SYSTEM32\DNSAPI.dll
0x00007ffdafb50000 - 0x00007ffdafb5b000 	C:\Windows\System32\rasadhlp.dll
0x00007ffdb18d0000 - 0x00007ffdb1956000 	C:\WINDOWS\System32\fwpuclnt.dll
0x00007ffd9ad30000 - 0x00007ffd9ad39000 	C:\Users\Admin\.cursor\extensions\redhat.java-1.54.0-win32-x64\jre\21.0.10-win32-x86_64\bin\extnet.dll
0x00007ffdb6800000 - 0x00007ffdb6836000 	C:\WINDOWS\SYSTEM32\ntmarta.dll

JVMTI agents:
c:\Users\Admin\.cursor\extensions\redhat.java-1.54.0-win32-x64\lombok\lombok-1.18.39-4050.jar path:c:\Users\Admin\.cursor\extensions\redhat.java-1.54.0-win32-x64\jre\21.0.10-win32-x86_64\bin\instrument.dll, loaded, initialized, instrumentlib options:none

dbghelp: loaded successfully - version: 4.0.5 - missing functions: none
symbol engine: initialized successfully - sym options: 0x614 - pdb path: .;c:\Users\Admin\.cursor\extensions\redhat.java-1.54.0-win32-x64\jre\21.0.10-win32-x86_64\bin;C:\WINDOWS\SYSTEM32;C:\WINDOWS\WinSxS\amd64_microsoft.windows.common-controls_6595b64144ccf1df_6.0.26100.8115_none_3e075c82e3354f9c;c:\Users\Admin\.cursor\extensions\redhat.java-1.54.0-win32-x64\jre\21.0.10-win32-x86_64\bin\server;C:\Users\Admin\AppData\Roaming\Cursor\User\globalStorage\redhat.java\1.54.0\config_win\org.eclipse.equinox.launcher\org.eclipse.equinox.launcher.win32.win32.x86_64_1.3.0.v20260203-2149;C:\Users\Admin\AppData\Local\Temp\jna-63116079

VM Arguments:
jvm_args: --add-modules=ALL-SYSTEM --add-opens=java.base/java.util=ALL-UNNAMED --add-opens=java.base/java.lang=ALL-UNNAMED --add-opens=java.base/sun.nio.fs=ALL-UNNAMED -Declipse.application=org.eclipse.jdt.ls.core.id1 -Dosgi.bundles.defaultStartLevel=4 -Declipse.product=org.eclipse.jdt.ls.core.product -Djava.import.generatesMetadataFilesAtProjectRoot=false -DDetectVMInstallationsJob.disabled=true -Dfile.encoding=utf8 -XX:+UseParallelGC -XX:GCTimeRatio=4 -XX:AdaptiveSizePolicyWeight=90 -Dsun.zip.disableMemoryMapping=true -Xmx2G -Xms100m -Xlog:disable -javaagent:c:\Users\Admin\.cursor\extensions\redhat.java-1.54.0-win32-x64\lombok\lombok-1.18.39-4050.jar -XX:+HeapDumpOnOutOfMemoryError -XX:HeapDumpPath=c:\Users\Admin\AppData\Roaming\Cursor\User\workspaceStorage\94a63d8c77d9089f8846e173e159e885\redhat.java -Daether.dependencyCollector.impl=bf 
java_command: c:\Users\Admin\.cursor\extensions\redhat.java-1.54.0-win32-x64\server\plugins\org.eclipse.equinox.launcher_1.7.100.v20251111-0406.jar -configuration c:\Users\Admin\AppData\Roaming\Cursor\User\globalStorage\redhat.java\1.54.0\config_win -data c:\Users\Admin\AppData\Roaming\Cursor\User\workspaceStorage\94a63d8c77d9089f8846e173e159e885\redhat.java\jdt_ws --pipe=\\.\pipe\lsp-e9318e92ba00bd28243be0cc4157e310-sock
java_class_path (initial): c:\Users\Admin\.cursor\extensions\redhat.java-1.54.0-win32-x64\server\plugins\org.eclipse.equinox.launcher_1.7.100.v20251111-0406.jar
Launcher Type: SUN_STANDARD

[Global flags]
    uintx AdaptiveSizePolicyWeight                 = 90                                        {product} {command line}
     intx CICompilerCount                          = 12                                        {product} {ergonomic}
    uintx GCTimeRatio                              = 4                                         {product} {command line}
     bool HeapDumpOnOutOfMemoryError               = true                                   {manageable} {command line}
    ccstr HeapDumpPath                             = c:\Users\Admin\AppData\Roaming\Cursor\User\workspaceStorage\94a63d8c77d9089f8846e173e159e885\redhat.java         {manageable} {command line}
   size_t InitialHeapSize                          = 104857600                                 {product} {command line}
   size_t MaxHeapSize                              = 2147483648                                {product} {command line}
   size_t MaxNewSize                               = 715653120                                 {product} {ergonomic}
   size_t MinHeapDeltaBytes                        = 524288                                    {product} {ergonomic}
   size_t MinHeapSize                              = 104857600                                 {product} {command line}
   size_t NewSize                                  = 34603008                                  {product} {ergonomic}
    uintx NonNMethodCodeHeapSize                   = 7602480                                {pd product} {ergonomic}
    uintx NonProfiledCodeHeapSize                  = 122027880                              {pd product} {ergonomic}
   size_t OldSize                                  = 70254592                                  {product} {ergonomic}
    uintx ProfiledCodeHeapSize                     = 122027880                              {pd product} {ergonomic}
    uintx ReservedCodeCacheSize                    = 251658240                              {pd product} {ergonomic}
     bool SegmentedCodeCache                       = true                                      {product} {ergonomic}
   size_t SoftMaxHeapSize                          = 2147483648                             {manageable} {ergonomic}
     bool UseCompressedOops                        = true                           {product lp64_product} {ergonomic}
     bool UseLargePagesIndividualAllocation        = false                                  {pd product} {ergonomic}
     bool UseParallelGC                            = true                                      {product} {command line}

Logging:
Log output configuration:
 #0: stdout all=off uptime,level,tags foldmultilines=false
 #1: stderr all=off uptime,level,tags foldmultilines=false

Release file:
JAVA_VERSION="21.0.10" 
MODULES="java.base java.compiler java.datatransfer java.xml java.prefs java.desktop java.instrument java.logging java.management java.security.sasl java.naming java.rmi java.management.rmi java.net.http java.scripting java.security.jgss java.transaction.xa java.sql java.sql.rowset java.xml.crypto java.se java.smartcardio jdk.accessibility jdk.internal.jvmstat jdk.attach jdk.charsets jdk.internal.opt jdk.zipfs jdk.compiler jdk.crypto.ec jdk.crypto.cryptoki jdk.crypto.mscapi jdk.dynalink jdk.internal.ed jdk.editpad jdk.hotspot.agent jdk.httpserver jdk.internal.le jdk.internal.vm.ci jdk.internal.vm.compiler jdk.internal.vm.compiler.management jdk.jartool jdk.javadoc jdk.jcmd jdk.management jdk.management.agent jdk.jconsole jdk.jdeps jdk.jdwp.agent jdk.jdi jdk.jfr jdk.jshell jdk.jsobject jdk.jstatd jdk.localedata jdk.management.jfr jdk.naming.dns jdk.naming.rmi jdk.net jdk.nio.mapmode jdk.random jdk.sctp jdk.security.auth jdk.security.jgss jdk.unsupported jdk.unsupported.desktop jdk.xml.dom" 

Environment Variables:
JAVA_HOME=C:\Program Files\Java\jdk1.8.0_241
PATH=C:\Program Files (x86)\Common Files\Oracle\Java\javapath;C:\WINDOWS\system32;C:\WINDOWS;C:\WINDOWS\System32\Wbem;C:\WINDOWS\System32\WindowsPowerShell\v1.0\;C:\WINDOWS\System32\OpenSSH\;C:\Program Files\Cloudflare\Cloudflare WARP\;D:\Git\cmd;C:\Program Files\Java\jdk1.8.0_241\bin;C:\Users\Admin\AppData\Local\Microsoft\WindowsApps;D:\cursor\resources\app\bin
USERNAME=Admin
OS=Windows_NT
PROCESSOR_IDENTIFIER=Intel64 Family 6 Model 154 Stepping 3, GenuineIntel
TMP=C:\Users\Admin\AppData\Local\Temp
TEMP=C:\Users\Admin\AppData\Local\Temp




Periodic native trim disabled

---------------  S Y S T E M  ---------------

OS:
 Windows 11 , 64 bit Build 26100 (10.0.26100.8246)
OS uptime: 1 days 0:15 hours
Hyper-V role detected

CPU: total 16 (initial active 16) (8 cores per cpu, 2 threads per core) family 6 model 154 stepping 3 microcode 0x416, cx8, cmov, fxsr, ht, mmx, 3dnowpref, sse, sse2, sse3, ssse3, sse4.1, sse4.2, popcnt, lzcnt, tsc, tscinvbit, avx, avx2, aes, erms, clmul, bmi1, bmi2, adx, sha, fma, vzeroupper, clflush, clflushopt, clwb, hv, serialize, rdtscp, rdpid, fsrm, f16c, cet_ibt, cet_ss
Processor Information for processor 0
  Max Mhz: 2700, Current Mhz: 2700, Mhz Limit: 2700
Processor Information for processor 1
  Max Mhz: 2700, Current Mhz: 2700, Mhz Limit: 2700
Processor Information for processor 2
  Max Mhz: 2700, Current Mhz: 2700, Mhz Limit: 2700
Processor Information for processor 3
  Max Mhz: 2700, Current Mhz: 2700, Mhz Limit: 2700
Processor Information for processor 4
  Max Mhz: 2700, Current Mhz: 2700, Mhz Limit: 2700
Processor Information for processor 5
  Max Mhz: 2700, Current Mhz: 2700, Mhz Limit: 2700
Processor Information for processor 6
  Max Mhz: 2700, Current Mhz: 2700, Mhz Limit: 2700
Processor Information for processor 7
  Max Mhz: 2700, Current Mhz: 2700, Mhz Limit: 2700
Processor Information for processor 8
  Max Mhz: 2700, Current Mhz: 2700, Mhz Limit: 2700
Processor Information for processor 9
  Max Mhz: 2700, Current Mhz: 2700, Mhz Limit: 2700
Processor Information for processor 10
  Max Mhz: 2700, Current Mhz: 2700, Mhz Limit: 2700
Processor Information for processor 11
  Max Mhz: 2700, Current Mhz: 2700, Mhz Limit: 2700
Processor Information for processor 12
  Max Mhz: 2700, Current Mhz: 1995, Mhz Limit: 1971
Processor Information for processor 13
  Max Mhz: 2700, Current Mhz: 1995, Mhz Limit: 1971
Processor Information for processor 14
  Max Mhz: 2700, Current Mhz: 1995, Mhz Limit: 1971
Processor Information for processor 15
  Max Mhz: 2700, Current Mhz: 1995, Mhz Limit: 1971

Memory: 4k page, system-wide physical 16085M (1246M free)
TotalPageFile size 20181M (AvailPageFile size 7M)
current process WorkingSet (physical memory assigned to process): 737M, peak: 741M
current process commit charge ("private bytes"): 777M, peak: 781M

vm_info: OpenJDK 64-Bit Server VM (21.0.10+7-LTS) for windows-amd64 JRE (21.0.10+7-LTS), built on 2026-01-20T00:00:00Z by "admin" with MS VC++ 17.12 (VS2022)

END.
